#
# There is insufficient memory for the Java Runtime Environment to continue.
# Native memory allocation (malloc) failed to allocate 898016 bytes for Chunk::new
# Possible reasons:
#   The system is out of physical RAM or swap space
#   In 32 bit mode, the process size limit was hit
# Possible solutions:
#   Reduce memory load on the system
#   Increase physical memory or swap space
#   Check if swap backing store is full
#   Use 64 bit Java on a 64 bit OS
#   Decrease Java heap size (-Xmx/-Xms)
#   Decrease number of Java threads
#   Decrease Java thread stack sizes (-Xss)
#   Set larger code cache with -XX:ReservedCodeCacheSize=
# This output file may be truncated or incomplete.
#
#  Out of Memory Error (allocation.cpp:390), pid=13892, tid=0x0000000000004b58
#
# JRE version: OpenJDK Runtime Environment (8.0_152-b02) (build 1.8.0_152-release-1024-b02)
# Java VM: OpenJDK 64-Bit Server VM (25.152-b02 mixed mode windows-amd64 compressed oops)
# Failed to write core dump. Minidumps are not enabled by default on client versions of Windows
#

---------------  T H R E A D  ---------------

Current thread (0x00000000155c1000):  JavaThread "C2 CompilerThread1" daemon [_thread_in_native, id=19288, stack(0x0000000016d40000,0x0000000016e40000)]

Stack: [0x0000000016d40000,0x0000000016e40000]
[error occurred during error reporting (printing stack bounds), id 0xc0000005]

Native frames: (J=compiled Java code, j=interpreted, Vv=VM code, C=native code)


Current CompileTask:
C2:    764 1183       4       com.android.dx.dex.code.OutputFinisher::addConstants (93 bytes)


---------------  P R O C E S S  ---------------

Java Threads: ( => current thread )
  0x0000000016f43800 JavaThread "Service Thread" daemon [_thread_blocked, id=20568, stack(0x0000000017340000,0x0000000017440000)]
  0x00000000155c7800 JavaThread "C1 CompilerThread2" daemon [_thread_blocked, id=13348, stack(0x0000000016e40000,0x0000000016f40000)]
=>0x00000000155c1000 JavaThread "C2 CompilerThread1" daemon [_thread_in_native, id=19288, stack(0x0000000016d40000,0x0000000016e40000)]
  0x00000000155bc800 JavaThread "C2 CompilerThread0" daemon [_thread_in_native, id=14520, stack(0x0000000016c40000,0x0000000016d40000)]
  0x00000000155ca800 JavaThread "Attach Listener" daemon [_thread_blocked, id=17216, stack(0x0000000016b40000,0x0000000016c40000)]
  0x00000000155c9000 JavaThread "Signal Dispatcher" daemon [_thread_blocked, id=17232, stack(0x0000000016a40000,0x0000000016b40000)]
  0x00000000155a8800 JavaThread "Finalizer" daemon [_thread_blocked, id=17572, stack(0x0000000016850000,0x0000000016950000)]
  0x0000000015587000 JavaThread "Reference Handler" daemon [_thread_blocked, id=13028, stack(0x0000000016750000,0x0000000016850000)]
  0x0000000002ded800 JavaThread "main" [_thread_in_vm, id=21072, stack(0x0000000002c00000,0x0000000002d00000)]

Other Threads:
  0x0000000015586000 VMThread [stack: 0x0000000016650000,0x0000000016750000] [id=9008]
  0x0000000016f44000 WatcherThread [stack: 0x0000000017440000,0x0000000017540000] [id=10124]

VM state:not at safepoint (normal execution)

VM Mutex/Monitor currently owned by a thread: None

Heap:
 PSYoungGen      total 38400K, used 31320K [0x00000000eab00000, 0x00000000ed580000, 0x0000000100000000)
  eden space 33280K, 94% used [0x00000000eab00000,0x00000000ec996278,0x00000000ecb80000)
  from space 5120K, 0% used [0x00000000ed080000,0x00000000ed080000,0x00000000ed580000)
  to   space 5120K, 0% used [0x00000000ecb80000,0x00000000ecb80000,0x00000000ed080000)
 ParOldGen       total 87552K, used 0K [0x00000000c0000000, 0x00000000c5580000, 0x00000000eab00000)
  object space 87552K, 0% used [0x00000000c0000000,0x00000000c0000000,0x00000000c5580000)
 Metaspace       used 6167K, capacity 7026K, committed 7296K, reserved 1056768K
  class space    used 602K, capacity 618K, committed 640K, reserved 1048576K

Card table byte_map: [0x00000000122b0000,0x00000000124c0000] byte_map_base: 0x0000000011cb0000

Marking Bits: (ParMarkBitMap*) 0x0000000076d44970
 Begin Bits: [0x0000000012a20000, 0x0000000013a20000)
 End Bits:   [0x0000000013a20000, 0x0000000014a20000)

Polling page: 0x00000000013c0000

CodeCache: size=245760Kb used=4710Kb max_used=4710Kb free=241049Kb
 bounds [0x0000000002ef0000, 0x0000000003390000, 0x0000000011ef0000]
 total_blobs=1514 nmethods=1246 adapters=182
 compilation: enabled

Compilation events (10 events):
Event: 0.759 Thread 0x00000000155c7800 nmethod 1243 0x000000000338cb90 code [0x000000000338cd40, 0x000000000338d388]
Event: 0.759 Thread 0x00000000155c7800 1244       3       com.android.dx.dex.file.MixedItemSection$1::compare (18 bytes)
Event: 0.759 Thread 0x00000000155c7800 nmethod 1244 0x0000000003389150 code [0x00000000033892e0, 0x0000000003389688]
Event: 0.759 Thread 0x00000000155c7800 1245       3       com.android.dx.dex.file.AnnotationSetItem::itemType (4 bytes)
Event: 0.759 Thread 0x00000000155c7800 nmethod 1245 0x0000000003388490 code [0x00000000033885e0, 0x0000000003388730]
Event: 0.759 Thread 0x00000000155c7800 1246       3       java.util.TimSort::sort (229 bytes)
Event: 0.759 Thread 0x00000000155c7800 nmethod 1246 0x000000000338bd90 code [0x000000000338bf80, 0x000000000338c678]
Event: 0.759 Thread 0x00000000155c7800 1247       3       java.util.Arrays$LegacyMergeSort::access$000 (4 bytes)
Event: 0.759 Thread 0x00000000155c7800 nmethod 1247 0x000000000338d5d0 code [0x000000000338d720, 0x000000000338d850]
Event: 0.761 Thread 0x00000000155bc800 1248       4       java.lang.String::indexOf (166 bytes)

GC Heap History (0 events):
No events

Deoptimization events (10 events):
Event: 0.593 Thread 0x0000000002ded800 Uncommon trap: reason=unstable_if action=reinterpret pc=0x0000000003129874 method=java.util.BitSet.ensureCapacity(I)V @ 6
Event: 0.601 Thread 0x0000000017111000 Uncommon trap: reason=null_check action=make_not_entrant pc=0x000000000323e3e8 method=com.android.dx.rop.type.Type.equals(Ljava/lang/Object;)Z @ 8
Event: 0.641 Thread 0x0000000002ded800 Uncommon trap: reason=bimorphic action=maybe_recompile pc=0x00000000031e4668 method=java.util.HashMap.getNode(ILjava/lang/Object;)Ljava/util/HashMap$Node; @ 126
Event: 0.641 Thread 0x0000000002ded800 Uncommon trap: reason=bimorphic action=maybe_recompile pc=0x00000000031e4668 method=java.util.HashMap.getNode(ILjava/lang/Object;)Ljava/util/HashMap$Node; @ 126
Event: 0.641 Thread 0x0000000002ded800 Uncommon trap: reason=bimorphic action=maybe_recompile pc=0x00000000031e4668 method=java.util.HashMap.getNode(ILjava/lang/Object;)Ljava/util/HashMap$Node; @ 126
Event: 0.641 Thread 0x0000000002ded800 Uncommon trap: reason=bimorphic action=maybe_recompile pc=0x00000000031e4668 method=java.util.HashMap.getNode(ILjava/lang/Object;)Ljava/util/HashMap$Node; @ 126
Event: 0.684 Thread 0x0000000002ded800 Uncommon trap: reason=bimorphic action=maybe_recompile pc=0x000000000335f434 method=java.util.HashMap.putVal(ILjava/lang/Object;Ljava/lang/Object;ZZ)Ljava/lang/Object; @ 203
Event: 0.684 Thread 0x0000000002ded800 Uncommon trap: reason=bimorphic action=maybe_recompile pc=0x000000000335f434 method=java.util.HashMap.putVal(ILjava/lang/Object;Ljava/lang/Object;ZZ)Ljava/lang/Object; @ 203
Event: 0.684 Thread 0x0000000002ded800 Uncommon trap: reason=bimorphic action=maybe_recompile pc=0x000000000335f434 method=java.util.HashMap.putVal(ILjava/lang/Object;Ljava/lang/Object;ZZ)Ljava/lang/Object; @ 203
Event: 0.684 Thread 0x0000000002ded800 Uncommon trap: reason=bimorphic action=maybe_recompile pc=0x000000000335f434 method=java.util.HashMap.putVal(ILjava/lang/Object;Ljava/lang/Object;ZZ)Ljava/lang/Object; @ 203

Classes redefined (0 events):
No events

Internal exceptions (3 events):
Event: 0.038 Thread 0x0000000002ded800 Exception <a 'java/lang/NoSuchMethodError': Method sun.misc.Unsafe.defineClass(Ljava/lang/String;[BII)Ljava/lang/Class; name or signature does not match> (0x00000000eab07ca8) thrown at [D:\src\AOSP-openjdk-cygwin\jdk8u\hotspot\src\share\vm\prims\jni.cpp, 
Event: 0.038 Thread 0x0000000002ded800 Exception <a 'java/lang/NoSuchMethodError': Method sun.misc.Unsafe.prefetchRead(Ljava/lang/Object;J)V name or signature does not match> (0x00000000eab07f90) thrown at [D:\src\AOSP-openjdk-cygwin\jdk8u\hotspot\src\share\vm\prims\jni.cpp, line 4011]
Event: 0.601 Thread 0x0000000017111000 Implicit null exception at 0x000000000323e2e2 to 0x000000000323e3da

Events (10 events):
Event: 0.759 loading class com/android/dx/dex/code/PositionList
Event: 0.759 loading class com/android/dx/dex/code/PositionList done
Event: 0.760 loading class com/android/dx/dex/code/PositionList$Entry
Event: 0.760 loading class com/android/dx/dex/code/PositionList$Entry done
Event: 0.760 loading class com/android/dx/dex/code/LocalList
Event: 0.760 loading class com/android/dx/dex/code/LocalList done
Event: 0.760 loading class com/android/dx/dex/code/LocalList$MakeState
Event: 0.760 loading class com/android/dx/dex/code/LocalList$MakeState done
Event: 0.761 loading class com/android/dx/dex/code/LocalList$Disposition
Event: 0.761 loading class com/android/dx/dex/code/LocalList$Disposition done


Dynamic libraries:
0x00007ff629040000 - 0x00007ff629071000 	D:\Android\Android studio\jre\bin\java.exe
0x00007ffcccef0000 - 0x00007ffccd0cb000 	C:\Windows\SYSTEM32\ntdll.dll
0x00007ffccb210000 - 0x00007ffccb2be000 	C:\Windows\System32\KERNEL32.DLL
0x00007ffcc9600000 - 0x00007ffcc9849000 	C:\Windows\System32\KERNELBASE.dll
0x00007ffccb490000 - 0x00007ffccb531000 	C:\Windows\System32\ADVAPI32.dll
0x00007ffccccb0000 - 0x00007ffcccd4d000 	C:\Windows\System32\msvcrt.dll
0x00007ffccb060000 - 0x00007ffccb0b9000 	C:\Windows\System32\sechost.dll
0x00007ffcccdc0000 - 0x00007ffcccee5000 	C:\Windows\System32\RPCRT4.dll
0x00007ffcca8a0000 - 0x00007ffcca9ea000 	C:\Windows\System32\USER32.dll
0x00007ffcca2c0000 - 0x00007ffcca2de000 	C:\Windows\System32\win32u.dll
0x00007ffccc980000 - 0x00007ffccc9a7000 	C:\Windows\System32\GDI32.dll
0x00007ffcc9470000 - 0x00007ffcc95f7000 	C:\Windows\System32\gdi32full.dll
0x00007ffcc9850000 - 0x00007ffcc98ea000 	C:\Windows\System32\msvcp_win.dll
0x00007ffcc9ac0000 - 0x00007ffcc9bb6000 	C:\Windows\System32\ucrtbase.dll
0x00007ffcb6380000 - 0x00007ffcb65e7000 	C:\Windows\WinSxS\amd64_microsoft.windows.common-controls_6595b64144ccf1df_6.0.15063.1058_none_40c74ded29a7bebd\COMCTL32.dll
0x00007ffccc9b0000 - 0x00007ffcccca9000 	C:\Windows\System32\combase.dll
0x00007ffcca3e0000 - 0x00007ffcca44a000 	C:\Windows\System32\bcryptPrimitives.dll
0x00007ffcca700000 - 0x00007ffcca72d000 	C:\Windows\System32\IMM32.DLL
0x00000000761c0000 - 0x0000000076292000 	D:\Android\Android studio\jre\jre\bin\msvcr100.dll
0x0000000076580000 - 0x0000000076dbf000 	D:\Android\Android studio\jre\jre\bin\server\jvm.dll
0x00007ffcca890000 - 0x00007ffcca898000 	C:\Windows\System32\PSAPI.DLL
0x00007ffcbaa70000 - 0x00007ffcbaa79000 	C:\Windows\SYSTEM32\WSOCK32.dll
0x00007ffccaf40000 - 0x00007ffccafac000 	C:\Windows\System32\WS2_32.dll
0x00007ffcc2830000 - 0x00007ffcc2853000 	C:\Windows\SYSTEM32\WINMM.dll
0x00007ffcbf9c0000 - 0x00007ffcbf9ca000 	C:\Windows\SYSTEM32\VERSION.dll
0x00007ffcc26b0000 - 0x00007ffcc26db000 	C:\Windows\SYSTEM32\WINMMBASE.dll
0x00007ffcca390000 - 0x00007ffcca3d9000 	C:\Windows\System32\cfgmgr32.dll
0x00007ffcc3790000 - 0x00007ffcc379f000 	D:\Android\Android studio\jre\jre\bin\verify.dll
0x00007ffcc23e0000 - 0x00007ffcc2409000 	D:\Android\Android studio\jre\jre\bin\java.dll
0x00007ffcbff80000 - 0x00007ffcbff96000 	D:\Android\Android studio\jre\jre\bin\zip.dll
0x00007ffccb540000 - 0x00007ffccc978000 	C:\Windows\System32\SHELL32.dll
0x00007ffccafb0000 - 0x00007ffccb05a000 	C:\Windows\System32\shcore.dll
0x00007ffcc9bc0000 - 0x00007ffcca2b1000 	C:\Windows\System32\windows.storage.dll
0x00007ffcca620000 - 0x00007ffcca671000 	C:\Windows\System32\shlwapi.dll
0x00007ffcc93f0000 - 0x00007ffcc9401000 	C:\Windows\System32\kernel.appcore.dll
0x00007ffcc93a0000 - 0x00007ffcc93ec000 	C:\Windows\System32\powrprof.dll
0x00007ffcc9380000 - 0x00007ffcc9395000 	C:\Windows\System32\profapi.dll

VM Arguments:
jvm_args: -Djava.awt.headless=true -Xmx1024M -Dfile.encoding=windows-1252 -Duser.country=GB -Duser.language=en -Duser.variant 
java_command: com.android.dx.command.Main --dex --num-threads=4 --output D:\Android\barcode-reader\app\build\intermediates\pre-dexed\debug\internal_impl-24.2.0_ec8c27d2bf10c69ef47934b8ed3acf03fce3be4e.jar D:\Android\barcode-reader\app\build\intermediates\exploded-aar\com.android.support\support-media-compat\24.2.0\jars\libs\internal_impl-24.2.0.jar
java_class_path (initial): C:\Users\sagar\AppData\Local\Android\Sdk\build-tools\24.0.1\lib\dx.jar
Launcher Type: SUN_STANDARD

Environment Variables:
JAVA_HOME=C:\Program Files (x86)\Java\jdk1.8.0_172
PATH=C:\Program Files (x86)\Intel\iCLS Client\;C:\Program Files\Intel\iCLS Client\;C:\Windows\system32;C:\Windows;C:\Windows\System32\Wbem;C:\Windows\System32\WindowsPowerShell\v1.0\;C:\Program Files (x86)\NVIDIA Corporation\PhysX\Common;C:\Program Files (x86)\Intel\Intel(R) Management Engine Components\DAL;C:\Program Files\Intel\Intel(R) Management Engine Components\DAL;C:\Program Files (x86)\Intel\Intel(R) Management Engine Components\IPT;C:\Program Files\Intel\Intel(R) Management Engine Components\IPT;C:\Program Files\Intel\WiFi\bin\;C:\Program Files\Common Files\Intel\WirelessCommon\;C:\Program Files\Git\cmd;C:\Program Files\dotnet\;C:\Users\sagar\AppData\Local\Microsoft\WindowsApps
USERNAME=mcq-1
OS=Windows_NT
PROCESSOR_IDENTIFIER=Intel64 Family 6 Model 158 Stepping 9, GenuineIntel



---------------  S Y S T E M  ---------------

OS: Windows 10.0 , 64 bit Build 15063 (10.0.15063.1058)

CPU:total 4 (initial active 4) (4 cores per cpu, 1 threads per core) family 6 model 158 stepping 9, cmov, cx8, fxsr, mmx, sse, sse2, sse3, ssse3, sse4.1, sse4.2, popcnt, avx, avx2, aes, clmul, erms, 3dnowpref, lzcnt, tsc, tscinvbit, bmi1, bmi2, adx

Memory: 4k page, physical 8269988k(996596k free), swap 12716020k(4540k free)

vm_info: OpenJDK 64-Bit Server VM (25.152-b02) for windows-amd64 JRE (1.8.0_152-release-1024-b02), built by "builder" with MS VC++ 10.0 (VS2010)

time: Wed Jul 04 10:21:53 2018
elapsed time: 0 seconds (0d 0h 0m 0s)

