#
# There is insufficient memory for the Java Runtime Environment to continue.
# Native memory allocation (malloc) failed to allocate 32744 bytes for ChunkPool::allocate
# Possible reasons:
#   The system is out of physical RAM or swap space
#   In 32 bit mode, the process size limit was hit
# Possible solutions:
#   Reduce memory load on the system
#   Increase physical memory or swap space
#   Check if swap backing store is full
#   Use 64 bit Java on a 64 bit OS
#   Decrease Java heap size (-Xmx/-Xms)
#   Decrease number of Java threads
#   Decrease Java thread stack sizes (-Xss)
#   Set larger code cache with -XX:ReservedCodeCacheSize=
# This output file may be truncated or incomplete.
#
#  Out of Memory Error (allocation.cpp:273), pid=11656, tid=0x0000000000002624
#
# JRE version: OpenJDK Runtime Environment (8.0_152-b02) (build 1.8.0_152-release-1024-b02)
# Java VM: OpenJDK 64-Bit Server VM (25.152-b02 mixed mode windows-amd64 compressed oops)
# Failed to write core dump. Minidumps are not enabled by default on client versions of Windows
#

---------------  T H R E A D  ---------------

Current thread (0x00000000150d7800):  JavaThread "C2 CompilerThread0" daemon [_thread_in_native, id=9764, stack(0x0000000016720000,0x0000000016820000)]

Stack: [0x0000000016720000,0x0000000016820000]
[error occurred during error reporting (printing stack bounds), id 0xc0000005]

Native frames: (J=compiled Java code, j=interpreted, Vv=VM code, C=native code)


Current CompileTask:
C2:    880 1636       4       com.android.dx.ssa.LocalVariableExtractor::processBlock (383 bytes)


---------------  P R O C E S S  ---------------

Java Threads: ( => current thread )
  0x0000000016bf3000 JavaThread "pool-1-thread-4" [_thread_blocked, id=1852, stack(0x0000000017420000,0x0000000017520000)]
  0x0000000016be9800 JavaThread "pool-1-thread-3" [_thread_blocked, id=18764, stack(0x0000000017320000,0x0000000017420000)]
  0x0000000016b6b800 JavaThread "pool-1-thread-2" [_thread_in_Java, id=9348, stack(0x0000000017220000,0x0000000017320000)]
  0x0000000016b9c800 JavaThread "pool-2-thread-1" [_thread_blocked, id=3912, stack(0x0000000017120000,0x0000000017220000)]
  0x0000000016b9c000 JavaThread "pool-1-thread-1" [_thread_blocked, id=13120, stack(0x0000000017020000,0x0000000017120000)]
  0x0000000016927800 JavaThread "Service Thread" daemon [_thread_blocked, id=5892, stack(0x0000000016e20000,0x0000000016f20000)]
  0x000000001513d000 JavaThread "C1 CompilerThread2" daemon [_thread_blocked, id=18032, stack(0x0000000016d20000,0x0000000016e20000)]
  0x000000001513a800 JavaThread "C2 CompilerThread1" daemon [_thread_in_native, id=1596, stack(0x0000000016820000,0x0000000016920000)]
=>0x00000000150d7800 JavaThread "C2 CompilerThread0" daemon [_thread_in_native, id=9764, stack(0x0000000016720000,0x0000000016820000)]
  0x00000000150e5800 JavaThread "Attach Listener" daemon [_thread_blocked, id=12300, stack(0x0000000016620000,0x0000000016720000)]
  0x00000000150e4000 JavaThread "Signal Dispatcher" daemon [_thread_blocked, id=4248, stack(0x0000000016520000,0x0000000016620000)]
  0x0000000002a0a800 JavaThread "Finalizer" daemon [_thread_blocked, id=4124, stack(0x0000000016330000,0x0000000016430000)]
  0x00000000150a7000 JavaThread "Reference Handler" daemon [_thread_blocked, id=21324, stack(0x0000000016230000,0x0000000016330000)]
  0x000000000281d800 JavaThread "main" [_thread_in_vm, id=9668, stack(0x0000000002710000,0x0000000002810000)]

Other Threads:
  0x00000000150a6000 VMThread [stack: 0x0000000016130000,0x0000000016230000] [id=18884]
  0x0000000016928000 WatcherThread [stack: 0x0000000016f20000,0x0000000017020000] [id=16788]

VM state:not at safepoint (normal execution)

VM Mutex/Monitor currently owned by a thread: None

Heap:
 PSYoungGen      total 71680K, used 44218K [0x00000000eab00000, 0x00000000ef600000, 0x0000000100000000)
  eden space 66560K, 58% used [0x00000000eab00000,0x00000000ed130700,0x00000000eec00000)
  from space 5120K, 99% used [0x00000000ef100000,0x00000000ef5fe3b0,0x00000000ef600000)
  to   space 5120K, 0% used [0x00000000eec00000,0x00000000eec00000,0x00000000ef100000)
 ParOldGen       total 87552K, used 5050K [0x00000000c0000000, 0x00000000c5580000, 0x00000000eab00000)
  object space 87552K, 5% used [0x00000000c0000000,0x00000000c04ee9d8,0x00000000c5580000)
 Metaspace       used 6333K, capacity 7128K, committed 7424K, reserved 1056768K
  class space    used 611K, capacity 656K, committed 768K, reserved 1048576K

Card table byte_map: [0x0000000011dd0000,0x0000000011fe0000] byte_map_base: 0x00000000117d0000

Marking Bits: (ParMarkBitMap*) 0x0000000076d44970
 Begin Bits: [0x0000000012540000, 0x0000000013540000)
 End Bits:   [0x0000000013540000, 0x0000000014540000)

Polling page: 0x00000000009e0000

CodeCache: size=245760Kb used=6439Kb max_used=6439Kb free=239320Kb
 bounds [0x0000000002a10000, 0x0000000003060000, 0x0000000011a10000]
 total_blobs=1896 nmethods=1628 adapters=182
 compilation: enabled

Compilation events (10 events):
Event: 0.778 Thread 0x000000001513d000 1649       2       com.android.dx.cf.code.Frame::<init> (21 bytes)
Event: 0.779 Thread 0x000000001513d000 nmethod 1649 0x000000000305ce90 code [0x000000000305d000, 0x000000000305d448]
Event: 0.779 Thread 0x000000001513d000 1650       2       com.android.dx.cf.code.Frame::<init> (10 bytes)
Event: 0.779 Thread 0x000000001513d000 nmethod 1650 0x000000000305d610 code [0x000000000305d780, 0x000000000305d908]
Event: 0.779 Thread 0x000000001513d000 1651       2       com.android.dx.cf.code.Ropper$ExceptionSetupLabelAllocator::<init> (33 bytes)
Event: 0.779 Thread 0x000000001513d000 nmethod 1651 0x000000000305d990 code [0x000000000305dae0, 0x000000000305dc70]
Event: 0.779 Thread 0x000000001513d000 1652       2       com.android.dx.cf.code.Ropper$LabelAllocator::<init> (10 bytes)
Event: 0.779 Thread 0x000000001513d000 nmethod 1652 0x000000000305de10 code [0x000000000305df60, 0x000000000305e0b0]
Event: 0.779 Thread 0x000000001513d000 1654       2       com.android.dx.cf.code.BasicBlocker::identifyBlocks (18 bytes)
Event: 0.779 Thread 0x000000001513d000 nmethod 1654 0x000000000305e150 code [0x000000000305e2c0, 0x000000000305e4a8]

GC Heap History (4 events):
Event: 0.460 GC heap before
{Heap before GC invocations=1 (full 0):
 PSYoungGen      total 38400K, used 33280K [0x00000000eab00000, 0x00000000ed580000, 0x0000000100000000)
  eden space 33280K, 100% used [0x00000000eab00000,0x00000000ecb80000,0x00000000ecb80000)
  from space 5120K, 0% used [0x00000000ed080000,0x00000000ed080000,0x00000000ed580000)
  to   space 5120K, 0% used [0x00000000ecb80000,0x00000000ecb80000,0x00000000ed080000)
 ParOldGen       total 87552K, used 0K [0x00000000c0000000, 0x00000000c5580000, 0x00000000eab00000)
  object space 87552K, 0% used [0x00000000c0000000,0x00000000c0000000,0x00000000c5580000)
 Metaspace       used 5954K, capacity 6832K, committed 7040K, reserved 1056768K
  class space    used 589K, capacity 616K, committed 640K, reserved 1048576K
Event: 0.465 GC heap after
Heap after GC invocations=1 (full 0):
 PSYoungGen      total 38400K, used 5113K [0x00000000eab00000, 0x00000000ef600000, 0x0000000100000000)
  eden space 33280K, 0% used [0x00000000eab00000,0x00000000eab00000,0x00000000ecb80000)
  from space 5120K, 99% used [0x00000000ecb80000,0x00000000ed07e470,0x00000000ed080000)
  to   space 5120K, 0% used [0x00000000ef100000,0x00000000ef100000,0x00000000ef600000)
 ParOldGen       total 87552K, used 1298K [0x00000000c0000000, 0x00000000c5580000, 0x00000000eab00000)
  object space 87552K, 1% used [0x00000000c0000000,0x00000000c01448c0,0x00000000c5580000)
 Metaspace       used 5954K, capacity 6832K, committed 7040K, reserved 1056768K
  class space    used 589K, capacity 616K, committed 640K, reserved 1048576K
}
Event: 0.593 GC heap before
{Heap before GC invocations=2 (full 0):
 PSYoungGen      total 38400K, used 38393K [0x00000000eab00000, 0x00000000ef600000, 0x0000000100000000)
  eden space 33280K, 100% used [0x00000000eab00000,0x00000000ecb80000,0x00000000ecb80000)
  from space 5120K, 99% used [0x00000000ecb80000,0x00000000ed07e470,0x00000000ed080000)
  to   space 5120K, 0% used [0x00000000ef100000,0x00000000ef100000,0x00000000ef600000)
 ParOldGen       total 87552K, used 1298K [0x00000000c0000000, 0x00000000c5580000, 0x00000000eab00000)
  object space 87552K, 1% used [0x00000000c0000000,0x00000000c01448c0,0x00000000c5580000)
 Metaspace       used 6138K, capacity 7024K, committed 7296K, reserved 1056768K
  class space    used 591K, capacity 616K, committed 640K, reserved 1048576K
Event: 0.601 GC heap after
Heap after GC invocations=2 (full 0):
 PSYoungGen      total 71680K, used 5112K [0x00000000eab00000, 0x00000000ef600000, 0x0000000100000000)
  eden space 66560K, 0% used [0x00000000eab00000,0x00000000eab00000,0x00000000eec00000)
  from space 5120K, 99% used [0x00000000ef100000,0x00000000ef5fe3b0,0x00000000ef600000)
  to   space 5120K, 0% used [0x00000000eec00000,0x00000000eec00000,0x00000000ef100000)
 ParOldGen       total 87552K, used 5050K [0x00000000c0000000, 0x00000000c5580000, 0x00000000eab00000)
  object space 87552K, 5% used [0x00000000c0000000,0x00000000c04ee9d8,0x00000000c5580000)
 Metaspace       used 6138K, capacity 7024K, committed 7296K, reserved 1056768K
  class space    used 591K, capacity 616K, committed 640K, reserved 1048576K
}

Deoptimization events (10 events):
Event: 0.483 Thread 0x0000000016be9800 Uncommon trap: reason=unstable_if action=reinterpret pc=0x0000000002e23e24 method=com.android.dx.rop.code.RegisterSpecSet.put(Lcom/android/dx/rop/code/RegisterSpec;)V @ 77
Event: 0.483 Thread 0x0000000016be9800 Uncommon trap: reason=bimorphic action=maybe_recompile pc=0x0000000002dd4798 method=java.util.HashMap.getNode(ILjava/lang/Object;)Ljava/util/HashMap$Node; @ 126
Event: 0.483 Thread 0x0000000016be9800 Uncommon trap: reason=bimorphic action=maybe_recompile pc=0x0000000002dd4798 method=java.util.HashMap.getNode(ILjava/lang/Object;)Ljava/util/HashMap$Node; @ 126
Event: 0.483 Thread 0x0000000016be9800 Uncommon trap: reason=bimorphic action=maybe_recompile pc=0x0000000002dd4798 method=java.util.HashMap.getNode(ILjava/lang/Object;)Ljava/util/HashMap$Node; @ 126
Event: 0.483 Thread 0x0000000016be9800 Uncommon trap: reason=unstable_if action=reinterpret pc=0x0000000002cfa5dc method=com.android.dx.rop.cst.Constant.compareTo(Lcom/android/dx/rop/cst/Constant;)I @ 12
Event: 0.491 Thread 0x0000000016be9800 Uncommon trap: reason=unstable_if action=reinterpret pc=0x0000000002e5b100 method=com.android.dx.rop.code.RegisterSpec.equals(ILcom/android/dx/rop/type/TypeBearer;Lcom/android/dx/rop/code/LocalItem;)Z @ 42
Event: 0.627 Thread 0x0000000016bf3000 Uncommon trap: reason=unstable_if action=reinterpret pc=0x0000000002ddb660 method=java.util.HashMap.putVal(ILjava/lang/Object;Ljava/lang/Object;ZZ)Ljava/lang/Object; @ 162
Event: 0.629 Thread 0x0000000016bf3000 Uncommon trap: reason=unstable_if action=reinterpret pc=0x0000000002e73f38 method=java.util.HashMap.getNode(ILjava/lang/Object;)Ljava/util/HashMap$Node; @ 84
Event: 0.679 Thread 0x000000000281d800 Uncommon trap: reason=unstable_if action=reinterpret pc=0x0000000002ebdaf4 method=java.util.HashMap.putVal(ILjava/lang/Object;Ljava/lang/Object;ZZ)Ljava/lang/Object; @ 162
Event: 0.752 Thread 0x0000000016b6b800 Uncommon trap: reason=unstable_if action=reinterpret pc=0x0000000002ea453c method=com.android.dx.util.IntList.binarysearch(I)I @ 105

Classes redefined (0 events):
No events

Internal exceptions (6 events):
Event: 0.024 Thread 0x000000000281d800 Exception <a 'java/lang/NoSuchMethodError': Method sun.misc.Unsafe.defineClass(Ljava/lang/String;[BII)Ljava/lang/Class; name or signature does not match> (0x00000000eab07ca8) thrown at [D:\src\AOSP-openjdk-cygwin\jdk8u\hotspot\src\share\vm\prims\jni.cpp, 
Event: 0.024 Thread 0x000000000281d800 Exception <a 'java/lang/NoSuchMethodError': Method sun.misc.Unsafe.prefetchRead(Ljava/lang/Object;J)V name or signature does not match> (0x00000000eab07f90) thrown at [D:\src\AOSP-openjdk-cygwin\jdk8u\hotspot\src\share\vm\prims\jni.cpp, line 4011]
Event: 0.400 Thread 0x0000000016b6b800 Implicit null exception at 0x0000000002dae773 to 0x0000000002db0a6d
Event: 0.628 Thread 0x0000000016bf3000 Exception <a 'java/lang/ArrayIndexOutOfBoundsException': 18> (0x00000000eb13a728) thrown at [D:\src\AOSP-openjdk-cygwin\jdk8u\hotspot\src\share\vm\interpreter\interpreterRuntime.cpp, line 366]
Event: 0.628 Thread 0x0000000016bf3000 Exception <a 'java/lang/ArrayIndexOutOfBoundsException'> (0x00000000eb13c2a8) thrown at [D:\src\AOSP-openjdk-cygwin\jdk8u\hotspot\src\share\vm\runtime\sharedRuntime.cpp, line 605]
Event: 0.629 Thread 0x0000000016bf3000 Exception <a 'java/lang/ArrayIndexOutOfBoundsException'> (0x00000000eb13d590) thrown at [D:\src\AOSP-openjdk-cygwin\jdk8u\hotspot\src\share\vm\runtime\sharedRuntime.cpp, line 605]

Events (10 events):
Event: 0.744 loading class com/android/dx/cf/attrib/AttRuntimeVisibleAnnotations done
Event: 0.751 Thread 0x0000000016b6b800 DEOPT PACKING pc=0x0000000002d64b7d sp=0x000000001731eaf0
Event: 0.751 Thread 0x0000000016b6b800 DEOPT UNPACKING pc=0x0000000002a575d0 sp=0x000000001731e890 mode 0
Event: 0.752 Thread 0x0000000016b6b800 Uncommon trap: trap_request=0xffffff65 fr.pc=0x0000000002ea453c
Event: 0.752 Thread 0x0000000016b6b800 DEOPT PACKING pc=0x0000000002ea453c sp=0x000000001731e8f0
Event: 0.752 Thread 0x0000000016b6b800 DEOPT UNPACKING pc=0x0000000002a5557b sp=0x000000001731e868 mode 2
Event: 0.757 Thread 0x0000000016b6b800 DEOPT PACKING pc=0x0000000002dc3cfe sp=0x000000001731e810
Event: 0.757 Thread 0x0000000016b6b800 DEOPT UNPACKING pc=0x0000000002a575d0 sp=0x000000001731e530 mode 0
Event: 0.769 Thread 0x0000000016be9800 DEOPT PACKING pc=0x0000000002ec9355 sp=0x000000001741e8f0
Event: 0.769 Thread 0x0000000016be9800 DEOPT UNPACKING pc=0x0000000002a575d0 sp=0x000000001741e688 mode 0


Dynamic libraries:
0x00007ff629040000 - 0x00007ff629071000 	D:\Android\Android studio\jre\bin\java.exe
0x00007ffcccef0000 - 0x00007ffccd0cb000 	C:\Windows\SYSTEM32\ntdll.dll
0x00007ffccb210000 - 0x00007ffccb2be000 	C:\Windows\System32\KERNEL32.DLL
0x00007ffcc9600000 - 0x00007ffcc9849000 	C:\Windows\System32\KERNELBASE.dll
0x00007ffccb490000 - 0x00007ffccb531000 	C:\Windows\System32\ADVAPI32.dll
0x00007ffccccb0000 - 0x00007ffcccd4d000 	C:\Windows\System32\msvcrt.dll
0x00007ffccb060000 - 0x00007ffccb0b9000 	C:\Windows\System32\sechost.dll
0x00007ffcccdc0000 - 0x00007ffcccee5000 	C:\Windows\System32\RPCRT4.dll
0x00007ffcca8a0000 - 0x00007ffcca9ea000 	C:\Windows\System32\USER32.dll
0x00007ffcca2c0000 - 0x00007ffcca2de000 	C:\Windows\System32\win32u.dll
0x00007ffccc980000 - 0x00007ffccc9a7000 	C:\Windows\System32\GDI32.dll
0x00007ffcc9470000 - 0x00007ffcc95f7000 	C:\Windows\System32\gdi32full.dll
0x00007ffcc9850000 - 0x00007ffcc98ea000 	C:\Windows\System32\msvcp_win.dll
0x00007ffcc9ac0000 - 0x00007ffcc9bb6000 	C:\Windows\System32\ucrtbase.dll
0x00007ffcb6380000 - 0x00007ffcb65e7000 	C:\Windows\WinSxS\amd64_microsoft.windows.common-controls_6595b64144ccf1df_6.0.15063.1058_none_40c74ded29a7bebd\COMCTL32.dll
0x00007ffccc9b0000 - 0x00007ffcccca9000 	C:\Windows\System32\combase.dll
0x00007ffcca3e0000 - 0x00007ffcca44a000 	C:\Windows\System32\bcryptPrimitives.dll
0x00007ffcca700000 - 0x00007ffcca72d000 	C:\Windows\System32\IMM32.DLL
0x00000000761c0000 - 0x0000000076292000 	D:\Android\Android studio\jre\jre\bin\msvcr100.dll
0x0000000076580000 - 0x0000000076dbf000 	D:\Android\Android studio\jre\jre\bin\server\jvm.dll
0x00007ffcca890000 - 0x00007ffcca898000 	C:\Windows\System32\PSAPI.DLL
0x00007ffcc2830000 - 0x00007ffcc2853000 	C:\Windows\SYSTEM32\WINMM.dll
0x00007ffcbf9c0000 - 0x00007ffcbf9ca000 	C:\Windows\SYSTEM32\VERSION.dll
0x00007ffcbaa70000 - 0x00007ffcbaa79000 	C:\Windows\SYSTEM32\WSOCK32.dll
0x00007ffccaf40000 - 0x00007ffccafac000 	C:\Windows\System32\WS2_32.dll
0x00007ffcc26b0000 - 0x00007ffcc26db000 	C:\Windows\SYSTEM32\winmmbase.dll
0x00007ffcca390000 - 0x00007ffcca3d9000 	C:\Windows\System32\cfgmgr32.dll
0x00007ffcc3790000 - 0x00007ffcc379f000 	D:\Android\Android studio\jre\jre\bin\verify.dll
0x00007ffcc23e0000 - 0x00007ffcc2409000 	D:\Android\Android studio\jre\jre\bin\java.dll
0x00007ffcbff80000 - 0x00007ffcbff96000 	D:\Android\Android studio\jre\jre\bin\zip.dll
0x00007ffccb540000 - 0x00007ffccc978000 	C:\Windows\System32\SHELL32.dll
0x00007ffccafb0000 - 0x00007ffccb05a000 	C:\Windows\System32\shcore.dll
0x00007ffcc9bc0000 - 0x00007ffcca2b1000 	C:\Windows\System32\windows.storage.dll
0x00007ffcca620000 - 0x00007ffcca671000 	C:\Windows\System32\shlwapi.dll
0x00007ffcc93f0000 - 0x00007ffcc9401000 	C:\Windows\System32\kernel.appcore.dll
0x00007ffcc93a0000 - 0x00007ffcc93ec000 	C:\Windows\System32\powrprof.dll
0x00007ffcc9380000 - 0x00007ffcc9395000 	C:\Windows\System32\profapi.dll

VM Arguments:
jvm_args: -Djava.awt.headless=true -Xmx1024M -Dfile.encoding=windows-1252 -Duser.country=GB -Duser.language=en -Duser.variant 
java_command: com.android.dx.command.Main --dex --num-threads=4 --output D:\Android\barcode-reader\app\build\intermediates\pre-dexed\debug\com.android.support-recyclerview-v7-24.2.0_7e087c2c2efd01fb774e3996e00a99c1091852fa.jar D:\Android\barcode-reader\app\build\intermediates\exploded-aar\com.android.support\recyclerview-v7\24.2.0\jars\classes.jar
java_class_path (initial): C:\Users\sagar\AppData\Local\Android\Sdk\build-tools\24.0.1\lib\dx.jar
Launcher Type: SUN_STANDARD

Environment Variables:
JAVA_HOME=C:\Program Files (x86)\Java\jdk1.8.0_172
PATH=C:\Program Files (x86)\Intel\iCLS Client\;C:\Program Files\Intel\iCLS Client\;C:\Windows\system32;C:\Windows;C:\Windows\System32\Wbem;C:\Windows\System32\WindowsPowerShell\v1.0\;C:\Program Files (x86)\NVIDIA Corporation\PhysX\Common;C:\Program Files (x86)\Intel\Intel(R) Management Engine Components\DAL;C:\Program Files\Intel\Intel(R) Management Engine Components\DAL;C:\Program Files (x86)\Intel\Intel(R) Management Engine Components\IPT;C:\Program Files\Intel\Intel(R) Management Engine Components\IPT;C:\Program Files\Intel\WiFi\bin\;C:\Program Files\Common Files\Intel\WirelessCommon\;C:\Program Files\Git\cmd;C:\Program Files\dotnet\;C:\Users\sagar\AppData\Local\Microsoft\WindowsApps
USERNAME=mcq-1
OS=Windows_NT
PROCESSOR_IDENTIFIER=Intel64 Family 6 Model 158 Stepping 9, GenuineIntel



---------------  S Y S T E M  ---------------

OS: Windows 10.0 , 64 bit Build 15063 (10.0.15063.1058)

CPU:total 4 (initial active 4) (4 cores per cpu, 1 threads per core) family 6 model 158 stepping 9, cmov, cx8, fxsr, mmx, sse, sse2, sse3, ssse3, sse4.1, sse4.2, popcnt, avx, avx2, aes, clmul, erms, 3dnowpref, lzcnt, tsc, tscinvbit, bmi1, bmi2, adx

Memory: 4k page, physical 8269988k(1131944k free), swap 12716020k(4380k free)

vm_info: OpenJDK 64-Bit Server VM (25.152-b02) for windows-amd64 JRE (1.8.0_152-release-1024-b02), built by "builder" with MS VC++ 10.0 (VS2010)

time: Wed Jul 04 10:11:57 2018
elapsed time: 0 seconds (0d 0h 0m 0s)

