#
# There is insufficient memory for the Java Runtime Environment to continue.
# Native memory allocation (malloc) failed to allocate 34240 bytes for Chunk::new
# Possible reasons:
#   The system is out of physical RAM or swap space
#   In 32 bit mode, the process size limit was hit
# Possible solutions:
#   Reduce memory load on the system
#   Increase physical memory or swap space
#   Check if swap backing store is full
#   Use 64 bit Java on a 64 bit OS
#   Decrease Java heap size (-Xmx/-Xms)
#   Decrease number of Java threads
#   Decrease Java thread stack sizes (-Xss)
#   Set larger code cache with -XX:ReservedCodeCacheSize=
# This output file may be truncated or incomplete.
#
#  Out of Memory Error (allocation.cpp:390), pid=1724, tid=0x0000000000003f30
#
# JRE version: OpenJDK Runtime Environment (8.0_152-b02) (build 1.8.0_152-release-1024-b02)
# Java VM: OpenJDK 64-Bit Server VM (25.152-b02 mixed mode windows-amd64 compressed oops)
# Failed to write core dump. Minidumps are not enabled by default on client versions of Windows
#

---------------  T H R E A D  ---------------

Current thread (0x000000000267d800):  JavaThread "main" [_thread_in_native, id=16176, stack(0x00000000024c0000,0x00000000025c0000)]

Stack: [0x00000000024c0000,0x00000000025c0000]
[error occurred during error reporting (printing stack bounds), id 0xc0000005]

Native frames: (J=compiled Java code, j=interpreted, Vv=VM code, C=native code)

Java frames: (J=compiled Java code, j=interpreted, Vv=VM code)
j  java.lang.invoke.MethodHandle.<clinit>()V+16
v  ~StubRoutines::call_stub

---------------  P R O C E S S  ---------------

Java Threads: ( => current thread )
  0x0000000014ead000 JavaThread "C1 CompilerThread2" daemon [_thread_blocked, id=12280, stack(0x0000000016aa0000,0x0000000016ba0000)]
  0x0000000014e51000 JavaThread "C2 CompilerThread1" daemon [_thread_blocked, id=9280, stack(0x00000000165a0000,0x00000000166a0000)]
  0x0000000014e4c800 JavaThread "C2 CompilerThread0" daemon [_thread_blocked, id=16200, stack(0x00000000164a0000,0x00000000165a0000)]
  0x0000000014e5a800 JavaThread "Attach Listener" daemon [_thread_blocked, id=17492, stack(0x00000000163a0000,0x00000000164a0000)]
  0x0000000014e59000 JavaThread "Signal Dispatcher" daemon [_thread_blocked, id=10572, stack(0x00000000162a0000,0x00000000163a0000)]
  0x0000000014e38800 JavaThread "Finalizer" daemon [_thread_blocked, id=10044, stack(0x00000000160b0000,0x00000000161b0000)]
  0x0000000014e17000 JavaThread "Reference Handler" daemon [_thread_blocked, id=21368, stack(0x0000000015fb0000,0x00000000160b0000)]
=>0x000000000267d800 JavaThread "main" [_thread_in_native, id=16176, stack(0x00000000024c0000,0x00000000025c0000)]

Other Threads:
  0x0000000014e16000 VMThread [stack: 0x0000000015eb0000,0x0000000015fb0000] [id=15356]

VM state:not at safepoint (normal execution)

VM Mutex/Monitor currently owned by a thread: None

Heap:
 PSYoungGen      total 38400K, used 665K [0x00000000eab00000, 0x00000000ed580000, 0x0000000100000000)
  eden space 33280K, 2% used [0x00000000eab00000,0x00000000eaba6670,0x00000000ecb80000)
  from space 5120K, 0% used [0x00000000ed080000,0x00000000ed080000,0x00000000ed580000)
  to   space 5120K, 0% used [0x00000000ecb80000,0x00000000ecb80000,0x00000000ed080000)
 ParOldGen       total 87552K, used 0K [0x00000000c0000000, 0x00000000c5580000, 0x00000000eab00000)
  object space 87552K, 0% used [0x00000000c0000000,0x00000000c0000000,0x00000000c5580000)
 Metaspace       used 2074K, capacity 4480K, committed 4480K, reserved 1056768K
  class space    used 222K, capacity 384K, committed 384K, reserved 1048576K

Card table byte_map: [0x0000000011b40000,0x0000000011d50000] byte_map_base: 0x0000000011540000

Marking Bits: (ParMarkBitMap*) 0x0000000076d44970
 Begin Bits: [0x00000000122b0000, 0x00000000132b0000)
 End Bits:   [0x00000000132b0000, 0x00000000142b0000)

Polling page: 0x00000000005f0000

CodeCache: size=245760Kb used=1022Kb max_used=1022Kb free=244737Kb
 bounds [0x0000000002780000, 0x00000000029f0000, 0x0000000011780000]
 total_blobs=210 nmethods=0 adapters=126
 compilation: enabled

Compilation events (0 events):
No events

GC Heap History (0 events):
No events

Deoptimization events (0 events):
No events

Classes redefined (0 events):
No events

Internal exceptions (2 events):
Event: 0.853 Thread 0x000000000267d800 Exception <a 'java/lang/NoSuchMethodError': Method sun.misc.Unsafe.defineClass(Ljava/lang/String;[BII)Ljava/lang/Class; name or signature does not match> (0x00000000eab07ca8) thrown at [D:\src\AOSP-openjdk-cygwin\jdk8u\hotspot\src\share\vm\prims\jni.cpp, 
Event: 0.853 Thread 0x000000000267d800 Exception <a 'java/lang/NoSuchMethodError': Method sun.misc.Unsafe.prefetchRead(Ljava/lang/Object;J)V name or signature does not match> (0x00000000eab07f90) thrown at [D:\src\AOSP-openjdk-cygwin\jdk8u\hotspot\src\share\vm\prims\jni.cpp, line 4011]

Events (10 events):
Event: 0.951 loading class sun/misc/Launcher$AppClassLoader$1
Event: 0.951 loading class sun/misc/Launcher$AppClassLoader$1 done
Event: 0.952 loading class java/lang/SystemClassLoaderAction
Event: 0.952 loading class java/lang/SystemClassLoaderAction done
Event: 0.952 Thread 0x0000000014e59000 Thread added: 0x0000000014e59000
Event: 0.952 Thread 0x0000000014e5a800 Thread added: 0x0000000014e5a800
Event: 0.952 Thread 0x0000000014e4c800 Thread added: 0x0000000014e4c800
Event: 0.997 Thread 0x0000000014e51000 Thread added: 0x0000000014e51000
Event: 1.070 Thread 0x0000000014ead000 Thread added: 0x0000000014ead000
Event: 1.123 loading class java/lang/invoke/MethodHandleImpl


Dynamic libraries:
0x00007ff629040000 - 0x00007ff629071000 	D:\Android\Android studio\jre\bin\java.exe
0x00007ffcccef0000 - 0x00007ffccd0cb000 	C:\Windows\SYSTEM32\ntdll.dll
0x00007ffccb210000 - 0x00007ffccb2be000 	C:\Windows\System32\KERNEL32.DLL
0x00007ffcc9600000 - 0x00007ffcc9849000 	C:\Windows\System32\KERNELBASE.dll
0x00007ffccb490000 - 0x00007ffccb531000 	C:\Windows\System32\ADVAPI32.dll
0x00007ffccccb0000 - 0x00007ffcccd4d000 	C:\Windows\System32\msvcrt.dll
0x00007ffccb060000 - 0x00007ffccb0b9000 	C:\Windows\System32\sechost.dll
0x00007ffcccdc0000 - 0x00007ffcccee5000 	C:\Windows\System32\RPCRT4.dll
0x00007ffcca8a0000 - 0x00007ffcca9ea000 	C:\Windows\System32\USER32.dll
0x00007ffcca2c0000 - 0x00007ffcca2de000 	C:\Windows\System32\win32u.dll
0x00007ffccc980000 - 0x00007ffccc9a7000 	C:\Windows\System32\GDI32.dll
0x00007ffcc9470000 - 0x00007ffcc95f7000 	C:\Windows\System32\gdi32full.dll
0x00007ffcc9850000 - 0x00007ffcc98ea000 	C:\Windows\System32\msvcp_win.dll
0x00007ffcc9ac0000 - 0x00007ffcc9bb6000 	C:\Windows\System32\ucrtbase.dll
0x00007ffcb6380000 - 0x00007ffcb65e7000 	C:\Windows\WinSxS\amd64_microsoft.windows.common-controls_6595b64144ccf1df_6.0.15063.1058_none_40c74ded29a7bebd\COMCTL32.dll
0x00007ffccc9b0000 - 0x00007ffcccca9000 	C:\Windows\System32\combase.dll
0x00007ffcca3e0000 - 0x00007ffcca44a000 	C:\Windows\System32\bcryptPrimitives.dll
0x00007ffcca700000 - 0x00007ffcca72d000 	C:\Windows\System32\IMM32.DLL
0x00000000761c0000 - 0x0000000076292000 	D:\Android\Android studio\jre\jre\bin\msvcr100.dll
0x0000000076580000 - 0x0000000076dbf000 	D:\Android\Android studio\jre\jre\bin\server\jvm.dll
0x00007ffcca890000 - 0x00007ffcca898000 	C:\Windows\System32\PSAPI.DLL
0x00007ffcbaa70000 - 0x00007ffcbaa79000 	C:\Windows\SYSTEM32\WSOCK32.dll
0x00007ffccaf40000 - 0x00007ffccafac000 	C:\Windows\System32\WS2_32.dll
0x00007ffcc2830000 - 0x00007ffcc2853000 	C:\Windows\SYSTEM32\WINMM.dll
0x00007ffcbf9c0000 - 0x00007ffcbf9ca000 	C:\Windows\SYSTEM32\VERSION.dll
0x00007ffcc26b0000 - 0x00007ffcc26db000 	C:\Windows\SYSTEM32\WINMMBASE.dll
0x00007ffcca390000 - 0x00007ffcca3d9000 	C:\Windows\System32\cfgmgr32.dll
0x00007ffcc3790000 - 0x00007ffcc379f000 	D:\Android\Android studio\jre\jre\bin\verify.dll
0x00007ffcc23e0000 - 0x00007ffcc2409000 	D:\Android\Android studio\jre\jre\bin\java.dll
0x00007ffcbff80000 - 0x00007ffcbff96000 	D:\Android\Android studio\jre\jre\bin\zip.dll
0x00007ffccb540000 - 0x00007ffccc978000 	C:\Windows\System32\SHELL32.dll
0x00007ffccafb0000 - 0x00007ffccb05a000 	C:\Windows\System32\shcore.dll
0x00007ffcc9bc0000 - 0x00007ffcca2b1000 	C:\Windows\System32\windows.storage.dll
0x00007ffcca620000 - 0x00007ffcca671000 	C:\Windows\System32\shlwapi.dll
0x00007ffcc93f0000 - 0x00007ffcc9401000 	C:\Windows\System32\kernel.appcore.dll
0x00007ffcc93a0000 - 0x00007ffcc93ec000 	C:\Windows\System32\powrprof.dll
0x00007ffcc9380000 - 0x00007ffcc9395000 	C:\Windows\System32\profapi.dll

VM Arguments:
jvm_args: -Djava.awt.headless=true -Xmx1024M -Dfile.encoding=windows-1252 -Duser.country=GB -Duser.language=en -Duser.variant 
java_command: com.android.dx.command.Main --dex --num-threads=4 --output D:\Android\barcode-reader\app\build\intermediates\pre-dexed\debug\com.google.android.gms-play-services-basement-9.4.0_a7d4d30c0631432dfd0aebf94733b139e2273ebf.jar D:\Android\barcode-reader\app\build\intermediates\exploded-aar\com.google.android.gms\play-services-basement\9.4.0\jars\classes.jar
java_class_path (initial): C:\Users\sagar\AppData\Local\Android\Sdk\build-tools\24.0.1\lib\dx.jar
Launcher Type: SUN_STANDARD

Environment Variables:
JAVA_HOME=C:\Program Files (x86)\Java\jdk1.8.0_172
PATH=C:\Program Files (x86)\Intel\iCLS Client\;C:\Program Files\Intel\iCLS Client\;C:\Windows\system32;C:\Windows;C:\Windows\System32\Wbem;C:\Windows\System32\WindowsPowerShell\v1.0\;C:\Program Files (x86)\NVIDIA Corporation\PhysX\Common;C:\Program Files (x86)\Intel\Intel(R) Management Engine Components\DAL;C:\Program Files\Intel\Intel(R) Management Engine Components\DAL;C:\Program Files (x86)\Intel\Intel(R) Management Engine Components\IPT;C:\Program Files\Intel\Intel(R) Management Engine Components\IPT;C:\Program Files\Intel\WiFi\bin\;C:\Program Files\Common Files\Intel\WirelessCommon\;C:\Program Files\Git\cmd;C:\Program Files\dotnet\;C:\Users\sagar\AppData\Local\Microsoft\WindowsApps
USERNAME=mcq-1
OS=Windows_NT
PROCESSOR_IDENTIFIER=Intel64 Family 6 Model 158 Stepping 9, GenuineIntel



---------------  S Y S T E M  ---------------

OS: Windows 10.0 , 64 bit Build 15063 (10.0.15063.1058)

CPU:total 4 (initial active 4) (4 cores per cpu, 1 threads per core) family 6 model 158 stepping 9, cmov, cx8, fxsr, mmx, sse, sse2, sse3, ssse3, sse4.1, sse4.2, popcnt, avx, avx2, aes, clmul, erms, 3dnowpref, lzcnt, tsc, tscinvbit, bmi1, bmi2, adx

Memory: 4k page, physical 8269988k(1243388k free), swap 12716020k(5004k free)

vm_info: OpenJDK 64-Bit Server VM (25.152-b02) for windows-amd64 JRE (1.8.0_152-release-1024-b02), built by "builder" with MS VC++ 10.0 (VS2010)

time: Wed Jul 04 10:11:29 2018
elapsed time: 1 seconds (0d 0h 0m 1s)

