#
# There is insufficient memory for the Java Runtime Environment to continue.
# Native memory allocation (malloc) failed to allocate 61456 bytes for Chunk::new
# Possible reasons:
#   The system is out of physical RAM or swap space
#   In 32 bit mode, the process size limit was hit
# Possible solutions:
#   Reduce memory load on the system
#   Increase physical memory or swap space
#   Check if swap backing store is full
#   Use 64 bit Java on a 64 bit OS
#   Decrease Java heap size (-Xmx/-Xms)
#   Decrease number of Java threads
#   Decrease Java thread stack sizes (-Xss)
#   Set larger code cache with -XX:ReservedCodeCacheSize=
# This output file may be truncated or incomplete.
#
#  Out of Memory Error (allocation.cpp:390), pid=17032, tid=0x00000000000051e8
#
# JRE version: OpenJDK Runtime Environment (8.0_152-b02) (build 1.8.0_152-release-1024-b02)
# Java VM: OpenJDK 64-Bit Server VM (25.152-b02 mixed mode windows-amd64 compressed oops)
# Failed to write core dump. Minidumps are not enabled by default on client versions of Windows
#

---------------  T H R E A D  ---------------

Current thread (0x000000001557d800):  JavaThread "C2 CompilerThread1" daemon [_thread_in_native, id=20968, stack(0x0000000016cb0000,0x0000000016db0000)]

Stack: [0x0000000016cb0000,0x0000000016db0000]
[error occurred during error reporting (printing stack bounds), id 0xc0000005]

Native frames: (J=compiled Java code, j=interpreted, Vv=VM code, C=native code)


Current CompileTask:
C2:   1803 1384       4       com.android.dx.ssa.PhiInsn::getSources (95 bytes)


---------------  P R O C E S S  ---------------

Java Threads: ( => current thread )
  0x0000000017194000 JavaThread "pool-1-thread-4" [_thread_in_vm, id=5196, stack(0x00000000178b0000,0x00000000179b0000)]
  0x0000000017022000 JavaThread "pool-2-thread-1" [_thread_blocked, id=4780, stack(0x00000000175b0000,0x00000000176b0000)]
  0x0000000016ee1800 JavaThread "Service Thread" daemon [_thread_blocked, id=16904, stack(0x00000000172b0000,0x00000000173b0000)]
  0x0000000015584800 JavaThread "C1 CompilerThread2" daemon [_thread_blocked, id=2768, stack(0x0000000016db0000,0x0000000016eb0000)]
=>0x000000001557d800 JavaThread "C2 CompilerThread1" daemon [_thread_in_native, id=20968, stack(0x0000000016cb0000,0x0000000016db0000)]
  0x0000000015537000 JavaThread "C2 CompilerThread0" daemon [_thread_in_native, id=13380, stack(0x0000000016bb0000,0x0000000016cb0000)]
  0x0000000015536000 JavaThread "Attach Listener" daemon [_thread_blocked, id=11304, stack(0x0000000016ab0000,0x0000000016bb0000)]
  0x0000000015534800 JavaThread "Signal Dispatcher" daemon [_thread_blocked, id=18972, stack(0x00000000169b0000,0x0000000016ab0000)]
  0x0000000002e5b800 JavaThread "Finalizer" daemon [_thread_blocked, id=10784, stack(0x00000000167c0000,0x00000000168c0000)]
  0x0000000002e50800 JavaThread "Reference Handler" daemon [_thread_blocked, id=16420, stack(0x00000000166c0000,0x00000000167c0000)]
  0x0000000002cfd800 JavaThread "main" [_thread_blocked, id=14872, stack(0x0000000002bc0000,0x0000000002cc0000)]

Other Threads:
  0x00000000154f6800 VMThread [stack: 0x00000000165c0000,0x00000000166c0000] [id=1688]
  0x000000001558c000 WatcherThread [stack: 0x00000000173b0000,0x00000000174b0000] [id=14936]

VM state:not at safepoint (normal execution)

VM Mutex/Monitor currently owned by a thread: None

Heap:
 PSYoungGen      total 38400K, used 34399K [0x00000000eab00000, 0x00000000ef600000, 0x0000000100000000)
  eden space 33280K, 88% used [0x00000000eab00000,0x00000000ec79a998,0x00000000ecb80000)
  from space 5120K, 99% used [0x00000000ecb80000,0x00000000ed07d370,0x00000000ed080000)
  to   space 5120K, 0% used [0x00000000ef100000,0x00000000ef100000,0x00000000ef600000)
 ParOldGen       total 87552K, used 2972K [0x00000000c0000000, 0x00000000c5580000, 0x00000000eab00000)
  object space 87552K, 3% used [0x00000000c0000000,0x00000000c02e72d8,0x00000000c5580000)
 Metaspace       used 5909K, capacity 6960K, committed 7040K, reserved 1056768K
  class space    used 577K, capacity 616K, committed 640K, reserved 1048576K

Card table byte_map: [0x0000000012220000,0x0000000012430000] byte_map_base: 0x0000000011c20000

Marking Bits: (ParMarkBitMap*) 0x0000000076d44970
 Begin Bits: [0x0000000012990000, 0x0000000013990000)
 End Bits:   [0x0000000013990000, 0x0000000014990000)

Polling page: 0x0000000002cc0000

CodeCache: size=245760Kb used=5647Kb max_used=5674Kb free=240112Kb
 bounds [0x0000000002e60000, 0x0000000003400000, 0x0000000011e60000]
 total_blobs=1613 nmethods=1351 adapters=176
 compilation: enabled

Compilation events (10 events):
Event: 1.800 Thread 0x0000000015584800 1380       3       com.android.dx.ssa.SsaRenamer$BlockRenamer::visitPhiInsn (6 bytes)
Event: 1.800 Thread 0x0000000015584800 nmethod 1380 0x00000000033999d0 code [0x0000000003399b40, 0x0000000003399cc8]
Event: 1.800 Thread 0x000000001557d800 nmethod 1379 0x0000000003359910 code [0x0000000003359a40, 0x0000000003359b18]
Event: 1.800 Thread 0x0000000015537000 1381       4       com.android.dx.ssa.MoveParamCombiner$1::visitNonMoveInsn (213 bytes)
Event: 1.800 Thread 0x0000000015584800 1382       1       com.android.dx.ssa.MoveParamCombiner$1::visitPhiInsn (1 bytes)
Event: 1.800 Thread 0x0000000015584800 nmethod 1382 0x00000000033d4a10 code [0x00000000033d4b60, 0x00000000033d4c70]
Event: 1.801 Thread 0x0000000015584800 1383       3       com.android.dx.ssa.SsaMethod$2::visitPhiInsn (6 bytes)
Event: 1.801 Thread 0x0000000015584800 nmethod 1383 0x00000000033d4690 code [0x00000000033d4800, 0x00000000033d4988]
Event: 1.801 Thread 0x000000001557d800 1384       4       com.android.dx.ssa.PhiInsn::getSources (95 bytes)
Event: 1.802 Thread 0x0000000015537000 nmethod 1381 0x00000000033d2b50 code [0x00000000033d2ca0, 0x00000000033d2e38]

GC Heap History (2 events):
Event: 0.701 GC heap before
{Heap before GC invocations=1 (full 0):
 PSYoungGen      total 38400K, used 33280K [0x00000000eab00000, 0x00000000ed580000, 0x0000000100000000)
  eden space 33280K, 100% used [0x00000000eab00000,0x00000000ecb80000,0x00000000ecb80000)
  from space 5120K, 0% used [0x00000000ed080000,0x00000000ed080000,0x00000000ed580000)
  to   space 5120K, 0% used [0x00000000ecb80000,0x00000000ecb80000,0x00000000ed080000)
 ParOldGen       total 87552K, used 0K [0x00000000c0000000, 0x00000000c5580000, 0x00000000eab00000)
  object space 87552K, 0% used [0x00000000c0000000,0x00000000c0000000,0x00000000c5580000)
 Metaspace       used 5794K, capacity 6832K, committed 7040K, reserved 1056768K
  class space    used 577K, capacity 616K, committed 640K, reserved 1048576K
Event: 0.864 GC heap after
Heap after GC invocations=1 (full 0):
 PSYoungGen      total 38400K, used 5108K [0x00000000eab00000, 0x00000000ef600000, 0x0000000100000000)
  eden space 33280K, 0% used [0x00000000eab00000,0x00000000eab00000,0x00000000ecb80000)
  from space 5120K, 99% used [0x00000000ecb80000,0x00000000ed07d370,0x00000000ed080000)
  to   space 5120K, 0% used [0x00000000ef100000,0x00000000ef100000,0x00000000ef600000)
 ParOldGen       total 87552K, used 2972K [0x00000000c0000000, 0x00000000c5580000, 0x00000000eab00000)
  object space 87552K, 3% used [0x00000000c0000000,0x00000000c02e72d8,0x00000000c5580000)
 Metaspace       used 5794K, capacity 6832K, committed 7040K, reserved 1056768K
  class space    used 577K, capacity 616K, committed 640K, reserved 1048576K
}

Deoptimization events (10 events):
Event: 0.627 Thread 0x000000001707d800 Uncommon trap: reason=unstable_if action=reinterpret pc=0x0000000003154bf0 method=com.android.dx.rop.code.LocalItem.hashCode()I @ 25
Event: 0.676 Thread 0x0000000017194000 Uncommon trap: reason=class_check action=maybe_recompile pc=0x0000000003264554 method=com.android.dx.cf.code.BytecodeArray.parseInstruction(ILcom/android/dx/cf/code/BytecodeArray$Visitor;)I @ 1807
Event: 0.676 Thread 0x0000000017194000 Uncommon trap: reason=class_check action=maybe_recompile pc=0x0000000003264554 method=com.android.dx.cf.code.BytecodeArray.parseInstruction(ILcom/android/dx/cf/code/BytecodeArray$Visitor;)I @ 1807
Event: 0.676 Thread 0x0000000017194000 Uncommon trap: reason=class_check action=maybe_recompile pc=0x00000000032643f0 method=com.android.dx.cf.code.BytecodeArray.parseInstruction(ILcom/android/dx/cf/code/BytecodeArray$Visitor;)I @ 1417
Event: 0.676 Thread 0x0000000017194000 Uncommon trap: reason=class_check action=maybe_recompile pc=0x00000000032643f0 method=com.android.dx.cf.code.BytecodeArray.parseInstruction(ILcom/android/dx/cf/code/BytecodeArray$Visitor;)I @ 1417
Event: 0.684 Thread 0x0000000017194000 Uncommon trap: reason=unstable_if action=reinterpret pc=0x00000000030ef0c4 method=com.android.dx.rop.code.RegisterSpec.equals(ILcom/android/dx/rop/type/TypeBearer;Lcom/android/dx/rop/code/LocalItem;)Z @ 42
Event: 0.966 Thread 0x000000001707d800 Uncommon trap: reason=null_check action=make_not_entrant pc=0x000000000330af08 method=com.android.dx.ssa.SsaRenamer.getLocalForNewReg(I)Lcom/android/dx/rop/code/LocalItem; @ 19
Event: 1.503 Thread 0x0000000017194000 Uncommon trap: reason=uninitialized action=reinterpret pc=0x0000000003337738 method=com.android.dx.cf.code.BytecodeArray.parseInstruction(ILcom/android/dx/cf/code/BytecodeArray$Visitor;)I @ 1015
Event: 1.509 Thread 0x0000000017194000 Uncommon trap: reason=unstable_if action=reinterpret pc=0x0000000003274f2c method=com.android.dx.rop.code.RegisterSpecSet.put(Lcom/android/dx/rop/code/RegisterSpec;)V @ 77
Event: 1.509 Thread 0x0000000017194000 Uncommon trap: reason=unstable_if action=reinterpret pc=0x00000000032287e4 method=com.android.dx.rop.code.RegisterSpecSet.put(Lcom/android/dx/rop/code/RegisterSpec;)V @ 77

Classes redefined (0 events):
No events

Internal exceptions (3 events):
Event: 0.028 Thread 0x0000000002cfd800 Exception <a 'java/lang/NoSuchMethodError': Method sun.misc.Unsafe.defineClass(Ljava/lang/String;[BII)Ljava/lang/Class; name or signature does not match> (0x00000000eab07ca8) thrown at [D:\src\AOSP-openjdk-cygwin\jdk8u\hotspot\src\share\vm\prims\jni.cpp, 
Event: 0.028 Thread 0x0000000002cfd800 Exception <a 'java/lang/NoSuchMethodError': Method sun.misc.Unsafe.prefetchRead(Ljava/lang/Object;J)V name or signature does not match> (0x00000000eab07f90) thrown at [D:\src\AOSP-openjdk-cygwin\jdk8u\hotspot\src\share\vm\prims\jni.cpp, line 4011]
Event: 0.966 Thread 0x000000001707d800 Implicit null exception at 0x00000000033085d7 to 0x000000000330aed1

Events (10 events):
Event: 1.242 Thread 0x000000001707d800 Thread exited: 0x000000001707d800
Event: 1.503 Thread 0x0000000017194000 Uncommon trap: trap_request=0xffffffb5 fr.pc=0x0000000003337738
Event: 1.503 Thread 0x0000000017194000 DEOPT PACKING pc=0x0000000003337738 sp=0x00000000179ae9e0
Event: 1.503 Thread 0x0000000017194000 DEOPT UNPACKING pc=0x0000000002ea557b sp=0x00000000179ae970 mode 2
Event: 1.509 Thread 0x0000000017194000 Uncommon trap: trap_request=0xffffff65 fr.pc=0x0000000003274f2c
Event: 1.509 Thread 0x0000000017194000 DEOPT PACKING pc=0x0000000003274f2c sp=0x00000000179ae8f0
Event: 1.509 Thread 0x0000000017194000 DEOPT UNPACKING pc=0x0000000002ea557b sp=0x00000000179ae878 mode 2
Event: 1.509 Thread 0x0000000017194000 Uncommon trap: trap_request=0xffffff65 fr.pc=0x00000000032287e4
Event: 1.509 Thread 0x0000000017194000 DEOPT PACKING pc=0x00000000032287e4 sp=0x00000000179ae8e0
Event: 1.509 Thread 0x0000000017194000 DEOPT UNPACKING pc=0x0000000002ea557b sp=0x00000000179ae800 mode 2


Dynamic libraries:
0x00007ff629040000 - 0x00007ff629071000 	D:\Android\Android studio\jre\bin\java.exe
0x00007ffcccef0000 - 0x00007ffccd0cb000 	C:\Windows\SYSTEM32\ntdll.dll
0x00007ffccb210000 - 0x00007ffccb2be000 	C:\Windows\System32\KERNEL32.DLL
0x00007ffcc9600000 - 0x00007ffcc9849000 	C:\Windows\System32\KERNELBASE.dll
0x00007ffccb490000 - 0x00007ffccb531000 	C:\Windows\System32\ADVAPI32.dll
0x00007ffccccb0000 - 0x00007ffcccd4d000 	C:\Windows\System32\msvcrt.dll
0x00007ffccb060000 - 0x00007ffccb0b9000 	C:\Windows\System32\sechost.dll
0x00007ffcccdc0000 - 0x00007ffcccee5000 	C:\Windows\System32\RPCRT4.dll
0x00007ffcca8a0000 - 0x00007ffcca9ea000 	C:\Windows\System32\USER32.dll
0x00007ffcca2c0000 - 0x00007ffcca2de000 	C:\Windows\System32\win32u.dll
0x00007ffccc980000 - 0x00007ffccc9a7000 	C:\Windows\System32\GDI32.dll
0x00007ffcc9470000 - 0x00007ffcc95f7000 	C:\Windows\System32\gdi32full.dll
0x00007ffcc9850000 - 0x00007ffcc98ea000 	C:\Windows\System32\msvcp_win.dll
0x00007ffcc9ac0000 - 0x00007ffcc9bb6000 	C:\Windows\System32\ucrtbase.dll
0x00007ffcb6380000 - 0x00007ffcb65e7000 	C:\Windows\WinSxS\amd64_microsoft.windows.common-controls_6595b64144ccf1df_6.0.15063.1058_none_40c74ded29a7bebd\COMCTL32.dll
0x00007ffccc9b0000 - 0x00007ffcccca9000 	C:\Windows\System32\combase.dll
0x00007ffcca3e0000 - 0x00007ffcca44a000 	C:\Windows\System32\bcryptPrimitives.dll
0x00007ffcca700000 - 0x00007ffcca72d000 	C:\Windows\System32\IMM32.DLL
0x00000000761c0000 - 0x0000000076292000 	D:\Android\Android studio\jre\jre\bin\msvcr100.dll
0x0000000076580000 - 0x0000000076dbf000 	D:\Android\Android studio\jre\jre\bin\server\jvm.dll
0x00007ffcca890000 - 0x00007ffcca898000 	C:\Windows\System32\PSAPI.DLL
0x00007ffcbaa70000 - 0x00007ffcbaa79000 	C:\Windows\SYSTEM32\WSOCK32.dll
0x00007ffccaf40000 - 0x00007ffccafac000 	C:\Windows\System32\WS2_32.dll
0x00007ffcc2830000 - 0x00007ffcc2853000 	C:\Windows\SYSTEM32\WINMM.dll
0x00007ffcbf9c0000 - 0x00007ffcbf9ca000 	C:\Windows\SYSTEM32\VERSION.dll
0x00007ffcc26b0000 - 0x00007ffcc26db000 	C:\Windows\SYSTEM32\WINMMBASE.dll
0x00007ffcca390000 - 0x00007ffcca3d9000 	C:\Windows\System32\cfgmgr32.dll
0x00007ffcc3790000 - 0x00007ffcc379f000 	D:\Android\Android studio\jre\jre\bin\verify.dll
0x00007ffcc23e0000 - 0x00007ffcc2409000 	D:\Android\Android studio\jre\jre\bin\java.dll
0x00007ffcbff80000 - 0x00007ffcbff96000 	D:\Android\Android studio\jre\jre\bin\zip.dll
0x00007ffccb540000 - 0x00007ffccc978000 	C:\Windows\System32\SHELL32.dll
0x00007ffccafb0000 - 0x00007ffccb05a000 	C:\Windows\System32\shcore.dll
0x00007ffcc9bc0000 - 0x00007ffcca2b1000 	C:\Windows\System32\windows.storage.dll
0x00007ffcca620000 - 0x00007ffcca671000 	C:\Windows\System32\shlwapi.dll
0x00007ffcc93f0000 - 0x00007ffcc9401000 	C:\Windows\System32\kernel.appcore.dll
0x00007ffcc93a0000 - 0x00007ffcc93ec000 	C:\Windows\System32\powrprof.dll
0x00007ffcc9380000 - 0x00007ffcc9395000 	C:\Windows\System32\profapi.dll

VM Arguments:
jvm_args: -Djava.awt.headless=true -Xmx1024M -Dfile.encoding=windows-1252 -Duser.country=GB -Duser.language=en -Duser.variant 
java_command: com.android.dx.command.Main --dex --num-threads=4 --output D:\Android\barcode-reader\app\build\intermediates\pre-dexed\debug\com.android.support.constraint-constraint-layout-1.1.2_98821777379575fb9d82a5dd12dd3a6ffd71de9e.jar D:\Android\barcode-reader\app\build\intermediates\exploded-aar\com.android.support.constraint\constraint-layout\1.1.2\jars\classes.jar
java_class_path (initial): C:\Users\sagar\AppData\Local\Android\Sdk\build-tools\24.0.1\lib\dx.jar
Launcher Type: SUN_STANDARD

Environment Variables:
JAVA_HOME=C:\Program Files (x86)\Java\jdk1.8.0_172
PATH=C:\Program Files (x86)\Intel\iCLS Client\;C:\Program Files\Intel\iCLS Client\;C:\Windows\system32;C:\Windows;C:\Windows\System32\Wbem;C:\Windows\System32\WindowsPowerShell\v1.0\;C:\Program Files (x86)\NVIDIA Corporation\PhysX\Common;C:\Program Files (x86)\Intel\Intel(R) Management Engine Components\DAL;C:\Program Files\Intel\Intel(R) Management Engine Components\DAL;C:\Program Files (x86)\Intel\Intel(R) Management Engine Components\IPT;C:\Program Files\Intel\Intel(R) Management Engine Components\IPT;C:\Program Files\Intel\WiFi\bin\;C:\Program Files\Common Files\Intel\WirelessCommon\;C:\Program Files\Git\cmd;C:\Program Files\dotnet\;C:\Users\sagar\AppData\Local\Microsoft\WindowsApps
USERNAME=mcq-1
OS=Windows_NT
PROCESSOR_IDENTIFIER=Intel64 Family 6 Model 158 Stepping 9, GenuineIntel



---------------  S Y S T E M  ---------------

OS: Windows 10.0 , 64 bit Build 15063 (10.0.15063.1058)

CPU:total 4 (initial active 4) (4 cores per cpu, 1 threads per core) family 6 model 158 stepping 9, cmov, cx8, fxsr, mmx, sse, sse2, sse3, ssse3, sse4.1, sse4.2, popcnt, avx, avx2, aes, clmul, erms, 3dnowpref, lzcnt, tsc, tscinvbit, bmi1, bmi2, adx

Memory: 4k page, physical 8269988k(1184976k free), swap 12716020k(3264k free)

vm_info: OpenJDK 64-Bit Server VM (25.152-b02) for windows-amd64 JRE (1.8.0_152-release-1024-b02), built by "builder" with MS VC++ 10.0 (VS2010)

time: Wed Jul 04 10:11:35 2018
elapsed time: 1 seconds (0d 0h 0m 1s)

