#
# There is insufficient memory for the Java Runtime Environment to continue.
# Native memory allocation (malloc) failed to allocate 528016 bytes for Chunk::new
# Possible reasons:
#   The system is out of physical RAM or swap space
#   In 32 bit mode, the process size limit was hit
# Possible solutions:
#   Reduce memory load on the system
#   Increase physical memory or swap space
#   Check if swap backing store is full
#   Use 64 bit Java on a 64 bit OS
#   Decrease Java heap size (-Xmx/-Xms)
#   Decrease number of Java threads
#   Decrease Java thread stack sizes (-Xss)
#   Set larger code cache with -XX:ReservedCodeCacheSize=
# This output file may be truncated or incomplete.
#
#  Out of Memory Error (allocation.cpp:390), pid=18128, tid=0x0000000000001ff4
#
# JRE version: OpenJDK Runtime Environment (8.0_152-b02) (build 1.8.0_152-release-1024-b02)
# Java VM: OpenJDK 64-Bit Server VM (25.152-b02 mixed mode windows-amd64 compressed oops)
# Failed to write core dump. Minidumps are not enabled by default on client versions of Windows
#

---------------  T H R E A D  ---------------

Current thread (0x000000001550d000):  JavaThread "C2 CompilerThread1" daemon [_thread_in_native, id=8180, stack(0x0000000016c50000,0x0000000016d50000)]

Stack: [0x0000000016c50000,0x0000000016d50000]
[error occurred during error reporting (printing stack bounds), id 0xc0000005]

Native frames: (J=compiled Java code, j=interpreted, Vv=VM code, C=native code)


Current CompileTask:
C2:    694 1100       4       com.android.dx.ssa.SCCP::simulateStmt (481 bytes)


---------------  P R O C E S S  ---------------

Java Threads: ( => current thread )
  0x0000000016e5a000 JavaThread "Service Thread" daemon [_thread_blocked, id=15676, stack(0x0000000017250000,0x0000000017350000)]
  0x0000000015513000 JavaThread "C1 CompilerThread2" daemon [_thread_in_native, id=11780, stack(0x0000000016d50000,0x0000000016e50000)]
=>0x000000001550d000 JavaThread "C2 CompilerThread1" daemon [_thread_in_native, id=8180, stack(0x0000000016c50000,0x0000000016d50000)]
  0x0000000015508800 JavaThread "C2 CompilerThread0" daemon [_thread_in_native, id=8520, stack(0x0000000016b50000,0x0000000016c50000)]
  0x0000000015516800 JavaThread "Attach Listener" daemon [_thread_blocked, id=3976, stack(0x0000000016a50000,0x0000000016b50000)]
  0x0000000015515000 JavaThread "Signal Dispatcher" daemon [_thread_blocked, id=10420, stack(0x0000000016950000,0x0000000016a50000)]
  0x0000000002e3c000 JavaThread "Finalizer" daemon [_thread_blocked, id=192, stack(0x0000000016760000,0x0000000016860000)]
  0x0000000002e31000 JavaThread "Reference Handler" daemon [_thread_blocked, id=15892, stack(0x0000000016660000,0x0000000016760000)]
  0x0000000002d3d800 JavaThread "main" [_thread_in_Java, id=13636, stack(0x0000000002b60000,0x0000000002c60000)]

Other Threads:
  0x00000000154d5000 VMThread [stack: 0x0000000016560000,0x0000000016660000] [id=8188]
  0x0000000016e5b000 WatcherThread [stack: 0x0000000017350000,0x0000000017450000] [id=18000]

VM state:not at safepoint (normal execution)

VM Mutex/Monitor currently owned by a thread: None

Heap:
 PSYoungGen      total 38400K, used 21291K [0x00000000eab00000, 0x00000000ed580000, 0x0000000100000000)
  eden space 33280K, 48% used [0x00000000eab00000,0x00000000ebad1160,0x00000000ecb80000)
  from space 5120K, 99% used [0x00000000ecb80000,0x00000000ed079c98,0x00000000ed080000)
  to   space 5120K, 0% used [0x00000000ed080000,0x00000000ed080000,0x00000000ed580000)
 ParOldGen       total 87552K, used 1678K [0x00000000c0000000, 0x00000000c5580000, 0x00000000eab00000)
  object space 87552K, 1% used [0x00000000c0000000,0x00000000c01a3848,0x00000000c5580000)
 Metaspace       used 6326K, capacity 7154K, committed 7296K, reserved 1056768K
  class space    used 608K, capacity 618K, committed 640K, reserved 1048576K

Card table byte_map: [0x0000000012200000,0x0000000012410000] byte_map_base: 0x0000000011c00000

Marking Bits: (ParMarkBitMap*) 0x0000000076d44970
 Begin Bits: [0x0000000012970000, 0x0000000013970000)
 End Bits:   [0x0000000013970000, 0x0000000014970000)

Polling page: 0x0000000000f00000

CodeCache: size=245760Kb used=5313Kb max_used=5313Kb free=240446Kb
 bounds [0x0000000002e40000, 0x0000000003380000, 0x0000000011e40000]
 total_blobs=1672 nmethods=1404 adapters=182
 compilation: enabled

Compilation events (10 events):
Event: 0.692 Thread 0x0000000015513000 nmethod 1412 0x000000000336de90 code [0x000000000336e060, 0x000000000336e4d8]
Event: 0.692 Thread 0x0000000015513000 1410       2       com.android.dx.dex.file.OffsettedItem::place (78 bytes)
Event: 0.692 Thread 0x0000000015513000 nmethod 1410 0x000000000336e990 code [0x000000000336eb40, 0x000000000336eef8]
Event: 0.692 Thread 0x0000000015513000 1415       2       com.android.dx.dex.file.DexFile::findItemOrNull (66 bytes)
Event: 0.692 Thread 0x0000000015513000 nmethod 1415 0x000000000336f0d0 code [0x000000000336f260, 0x000000000336f578]
Event: 0.692 Thread 0x0000000015513000 1414       2       com.android.dx.dex.code.InsnFormat::unsignedFitsInNibble (14 bytes)
Event: 0.692 Thread 0x0000000015513000 nmethod 1414 0x000000000336f710 code [0x000000000336f860, 0x000000000336f9b0]
Event: 0.692 Thread 0x0000000015513000 1413       1       com.android.dx.dex.code.form.Form11x::codeSize (2 bytes)
Event: 0.692 Thread 0x0000000015513000 nmethod 1413 0x000000000336fa50 code [0x000000000336fba0, 0x000000000336fcb0]
Event: 0.693 Thread 0x0000000015513000 1416       2       com.android.dx.dex.code.PositionList$Entry::<init> (43 bytes)

GC Heap History (2 events):
Event: 0.578 GC heap before
{Heap before GC invocations=1 (full 0):
 PSYoungGen      total 38400K, used 33280K [0x00000000eab00000, 0x00000000ed580000, 0x0000000100000000)
  eden space 33280K, 100% used [0x00000000eab00000,0x00000000ecb80000,0x00000000ecb80000)
  from space 5120K, 0% used [0x00000000ed080000,0x00000000ed080000,0x00000000ed580000)
  to   space 5120K, 0% used [0x00000000ecb80000,0x00000000ecb80000,0x00000000ed080000)
 ParOldGen       total 87552K, used 0K [0x00000000c0000000, 0x00000000c5580000, 0x00000000eab00000)
  object space 87552K, 0% used [0x00000000c0000000,0x00000000c0000000,0x00000000c5580000)
 Metaspace       used 6000K, capacity 6896K, committed 7040K, reserved 1056768K
  class space    used 591K, capacity 616K, committed 640K, reserved 1048576K
Event: 0.584 GC heap after
Heap after GC invocations=1 (full 0):
 PSYoungGen      total 38400K, used 5095K [0x00000000eab00000, 0x00000000ed580000, 0x0000000100000000)
  eden space 33280K, 0% used [0x00000000eab00000,0x00000000eab00000,0x00000000ecb80000)
  from space 5120K, 99% used [0x00000000ecb80000,0x00000000ed079c98,0x00000000ed080000)
  to   space 5120K, 0% used [0x00000000ed080000,0x00000000ed080000,0x00000000ed580000)
 ParOldGen       total 87552K, used 1678K [0x00000000c0000000, 0x00000000c5580000, 0x00000000eab00000)
  object space 87552K, 1% used [0x00000000c0000000,0x00000000c01a3848,0x00000000c5580000)
 Metaspace       used 6000K, capacity 6896K, committed 7040K, reserved 1056768K
  class space    used 591K, capacity 616K, committed 640K, reserved 1048576K
}

Deoptimization events (10 events):
Event: 0.672 Thread 0x0000000002d3d800 Uncommon trap: reason=class_check action=maybe_recompile pc=0x000000000326fe5c method=java.util.HashMap.putVal(ILjava/lang/Object;Ljava/lang/Object;ZZ)Ljava/lang/Object; @ 203
Event: 0.672 Thread 0x0000000002d3d800 Uncommon trap: reason=class_check action=maybe_recompile pc=0x000000000326fe5c method=java.util.HashMap.putVal(ILjava/lang/Object;Ljava/lang/Object;ZZ)Ljava/lang/Object; @ 203
Event: 0.687 Thread 0x0000000002d3d800 Uncommon trap: reason=speculate_class_check action=maybe_recompile pc=0x000000000320cda0 method=com.android.dx.util.FixedSizeList.equals(Ljava/lang/Object;)Z @ 25
Event: 0.687 Thread 0x0000000002d3d800 Uncommon trap: reason=class_check action=maybe_recompile pc=0x00000000031f7194 method=java.util.Arrays.equals([Ljava/lang/Object;[Ljava/lang/Object;)Z @ 62
Event: 0.687 Thread 0x0000000002d3d800 Uncommon trap: reason=speculate_class_check action=maybe_recompile pc=0x000000000320cda0 method=com.android.dx.util.FixedSizeList.equals(Ljava/lang/Object;)Z @ 25
Event: 0.687 Thread 0x0000000002d3d800 Uncommon trap: reason=class_check action=maybe_recompile pc=0x00000000031f7194 method=java.util.Arrays.equals([Ljava/lang/Object;[Ljava/lang/Object;)Z @ 62
Event: 0.687 Thread 0x0000000002d3d800 Uncommon trap: reason=speculate_class_check action=maybe_recompile pc=0x000000000320cda0 method=com.android.dx.util.FixedSizeList.equals(Ljava/lang/Object;)Z @ 25
Event: 0.687 Thread 0x0000000002d3d800 Uncommon trap: reason=class_check action=maybe_recompile pc=0x00000000031f7194 method=java.util.Arrays.equals([Ljava/lang/Object;[Ljava/lang/Object;)Z @ 62
Event: 0.687 Thread 0x0000000002d3d800 Uncommon trap: reason=speculate_class_check action=maybe_recompile pc=0x000000000320cda0 method=com.android.dx.util.FixedSizeList.equals(Ljava/lang/Object;)Z @ 25
Event: 0.687 Thread 0x0000000002d3d800 Uncommon trap: reason=class_check action=maybe_recompile pc=0x00000000031f7194 method=java.util.Arrays.equals([Ljava/lang/Object;[Ljava/lang/Object;)Z @ 62

Classes redefined (0 events):
No events

Internal exceptions (3 events):
Event: 0.032 Thread 0x0000000002d3d800 Exception <a 'java/lang/NoSuchMethodError': Method sun.misc.Unsafe.defineClass(Ljava/lang/String;[BII)Ljava/lang/Class; name or signature does not match> (0x00000000eab07ca8) thrown at [D:\src\AOSP-openjdk-cygwin\jdk8u\hotspot\src\share\vm\prims\jni.cpp, 
Event: 0.032 Thread 0x0000000002d3d800 Exception <a 'java/lang/NoSuchMethodError': Method sun.misc.Unsafe.prefetchRead(Ljava/lang/Object;J)V name or signature does not match> (0x00000000eab07f90) thrown at [D:\src\AOSP-openjdk-cygwin\jdk8u\hotspot\src\share\vm\prims\jni.cpp, line 4011]
Event: 0.482 Thread 0x0000000016ff3800 Implicit null exception at 0x0000000003162e82 to 0x00000000031654e9

Events (10 events):
Event: 0.687 Thread 0x0000000002d3d800 Uncommon trap: trap_request=0xffffff76 fr.pc=0x000000000320cda0
Event: 0.687 Thread 0x0000000002d3d800 DEOPT PACKING pc=0x000000000320cda0 sp=0x0000000002c5ea70
Event: 0.687 Thread 0x0000000002d3d800 DEOPT UNPACKING pc=0x0000000002e8557b sp=0x0000000002c5ea20 mode 2
Event: 0.687 Thread 0x0000000002d3d800 Uncommon trap: trap_request=0xffffffde fr.pc=0x00000000031f7194
Event: 0.687 Thread 0x0000000002d3d800 DEOPT PACKING pc=0x00000000031f7194 sp=0x0000000002c5e9f0
Event: 0.687 Thread 0x0000000002d3d800 DEOPT UNPACKING pc=0x0000000002e8557b sp=0x0000000002c5e990 mode 2
Event: 0.687 loading class com/android/dx/dex/code/CatchTable$Entry
Event: 0.687 loading class com/android/dx/dex/code/CatchTable$Entry done
Event: 0.687 loading class com/android/dx/util/ByteArrayAnnotatedOutput
Event: 0.687 loading class com/android/dx/util/ByteArrayAnnotatedOutput done


Dynamic libraries:
0x00007ff629040000 - 0x00007ff629071000 	D:\Android\Android studio\jre\bin\java.exe
0x00007ffcccef0000 - 0x00007ffccd0cb000 	C:\Windows\SYSTEM32\ntdll.dll
0x00007ffccb210000 - 0x00007ffccb2be000 	C:\Windows\System32\KERNEL32.DLL
0x00007ffcc9600000 - 0x00007ffcc9849000 	C:\Windows\System32\KERNELBASE.dll
0x00007ffccb490000 - 0x00007ffccb531000 	C:\Windows\System32\ADVAPI32.dll
0x00007ffccccb0000 - 0x00007ffcccd4d000 	C:\Windows\System32\msvcrt.dll
0x00007ffccb060000 - 0x00007ffccb0b9000 	C:\Windows\System32\sechost.dll
0x00007ffcccdc0000 - 0x00007ffcccee5000 	C:\Windows\System32\RPCRT4.dll
0x00007ffcca8a0000 - 0x00007ffcca9ea000 	C:\Windows\System32\USER32.dll
0x00007ffcca2c0000 - 0x00007ffcca2de000 	C:\Windows\System32\win32u.dll
0x00007ffccc980000 - 0x00007ffccc9a7000 	C:\Windows\System32\GDI32.dll
0x00007ffcc9470000 - 0x00007ffcc95f7000 	C:\Windows\System32\gdi32full.dll
0x00007ffcc9850000 - 0x00007ffcc98ea000 	C:\Windows\System32\msvcp_win.dll
0x00007ffcc9ac0000 - 0x00007ffcc9bb6000 	C:\Windows\System32\ucrtbase.dll
0x00007ffcb6380000 - 0x00007ffcb65e7000 	C:\Windows\WinSxS\amd64_microsoft.windows.common-controls_6595b64144ccf1df_6.0.15063.1058_none_40c74ded29a7bebd\COMCTL32.dll
0x00007ffccc9b0000 - 0x00007ffcccca9000 	C:\Windows\System32\combase.dll
0x00007ffcca3e0000 - 0x00007ffcca44a000 	C:\Windows\System32\bcryptPrimitives.dll
0x00007ffcca700000 - 0x00007ffcca72d000 	C:\Windows\System32\IMM32.DLL
0x00000000761c0000 - 0x0000000076292000 	D:\Android\Android studio\jre\jre\bin\msvcr100.dll
0x0000000076580000 - 0x0000000076dbf000 	D:\Android\Android studio\jre\jre\bin\server\jvm.dll
0x00007ffcca890000 - 0x00007ffcca898000 	C:\Windows\System32\PSAPI.DLL
0x00007ffcbaa70000 - 0x00007ffcbaa79000 	C:\Windows\SYSTEM32\WSOCK32.dll
0x00007ffccaf40000 - 0x00007ffccafac000 	C:\Windows\System32\WS2_32.dll
0x00007ffcc2830000 - 0x00007ffcc2853000 	C:\Windows\SYSTEM32\WINMM.dll
0x00007ffcbf9c0000 - 0x00007ffcbf9ca000 	C:\Windows\SYSTEM32\VERSION.dll
0x00007ffcc26b0000 - 0x00007ffcc26db000 	C:\Windows\SYSTEM32\WINMMBASE.dll
0x00007ffcca390000 - 0x00007ffcca3d9000 	C:\Windows\System32\cfgmgr32.dll
0x00007ffcc3790000 - 0x00007ffcc379f000 	D:\Android\Android studio\jre\jre\bin\verify.dll
0x00007ffcc23e0000 - 0x00007ffcc2409000 	D:\Android\Android studio\jre\jre\bin\java.dll
0x00007ffcbff80000 - 0x00007ffcbff96000 	D:\Android\Android studio\jre\jre\bin\zip.dll
0x00007ffccb540000 - 0x00007ffccc978000 	C:\Windows\System32\SHELL32.dll
0x00007ffccafb0000 - 0x00007ffccb05a000 	C:\Windows\System32\shcore.dll
0x00007ffcc9bc0000 - 0x00007ffcca2b1000 	C:\Windows\System32\windows.storage.dll
0x00007ffcca620000 - 0x00007ffcca671000 	C:\Windows\System32\shlwapi.dll
0x00007ffcc93f0000 - 0x00007ffcc9401000 	C:\Windows\System32\kernel.appcore.dll
0x00007ffcc93a0000 - 0x00007ffcc93ec000 	C:\Windows\System32\powrprof.dll
0x00007ffcc9380000 - 0x00007ffcc9395000 	C:\Windows\System32\profapi.dll

VM Arguments:
jvm_args: -Djava.awt.headless=true -Xmx1024M -Dfile.encoding=windows-1252 -Duser.country=GB -Duser.language=en -Duser.variant 
java_command: com.android.dx.command.Main --dex --num-threads=4 --output D:\Android\barcode-reader\app\build\intermediates\pre-dexed\debug\com.android.support-support-core-utils-24.2.0_cc3a7b53510da1cfeb693069eb83fa1ee41fd371.jar D:\Android\barcode-reader\app\build\intermediates\exploded-aar\com.android.support\support-core-utils\24.2.0\jars\classes.jar
java_class_path (initial): C:\Users\sagar\AppData\Local\Android\Sdk\build-tools\24.0.1\lib\dx.jar
Launcher Type: SUN_STANDARD

Environment Variables:
JAVA_HOME=C:\Program Files (x86)\Java\jdk1.8.0_172
PATH=C:\Program Files (x86)\Intel\iCLS Client\;C:\Program Files\Intel\iCLS Client\;C:\Windows\system32;C:\Windows;C:\Windows\System32\Wbem;C:\Windows\System32\WindowsPowerShell\v1.0\;C:\Program Files (x86)\NVIDIA Corporation\PhysX\Common;C:\Program Files (x86)\Intel\Intel(R) Management Engine Components\DAL;C:\Program Files\Intel\Intel(R) Management Engine Components\DAL;C:\Program Files (x86)\Intel\Intel(R) Management Engine Components\IPT;C:\Program Files\Intel\Intel(R) Management Engine Components\IPT;C:\Program Files\Intel\WiFi\bin\;C:\Program Files\Common Files\Intel\WirelessCommon\;C:\Program Files\Git\cmd;C:\Program Files\dotnet\;C:\Users\sagar\AppData\Local\Microsoft\WindowsApps
USERNAME=mcq-1
OS=Windows_NT
PROCESSOR_IDENTIFIER=Intel64 Family 6 Model 158 Stepping 9, GenuineIntel



---------------  S Y S T E M  ---------------

OS: Windows 10.0 , 64 bit Build 15063 (10.0.15063.1058)

CPU:total 4 (initial active 4) (4 cores per cpu, 1 threads per core) family 6 model 158 stepping 9, cmov, cx8, fxsr, mmx, sse, sse2, sse3, ssse3, sse4.1, sse4.2, popcnt, avx, avx2, aes, clmul, erms, 3dnowpref, lzcnt, tsc, tscinvbit, bmi1, bmi2, adx

Memory: 4k page, physical 8269988k(1036084k free), swap 12716020k(4356k free)

vm_info: OpenJDK 64-Bit Server VM (25.152-b02) for windows-amd64 JRE (1.8.0_152-release-1024-b02), built by "builder" with MS VC++ 10.0 (VS2010)

time: Wed Jul 04 10:21:08 2018
elapsed time: 0 seconds (0d 0h 0m 0s)

