#
# There is insufficient memory for the Java Runtime Environment to continue.
# Native memory allocation (malloc) failed to allocate 35856 bytes for Chunk::new
# Possible reasons:
#   The system is out of physical RAM or swap space
#   In 32 bit mode, the process size limit was hit
# Possible solutions:
#   Reduce memory load on the system
#   Increase physical memory or swap space
#   Check if swap backing store is full
#   Use 64 bit Java on a 64 bit OS
#   Decrease Java heap size (-Xmx/-Xms)
#   Decrease number of Java threads
#   Decrease Java thread stack sizes (-Xss)
#   Set larger code cache with -XX:ReservedCodeCacheSize=
# This output file may be truncated or incomplete.
#
#  Out of Memory Error (allocation.cpp:390), pid=11684, tid=0x000000000000071c
#
# JRE version: OpenJDK Runtime Environment (8.0_152-b02) (build 1.8.0_152-release-1024-b02)
# Java VM: OpenJDK 64-Bit Server VM (25.152-b02 mixed mode windows-amd64 compressed oops)
# Failed to write core dump. Minidumps are not enabled by default on client versions of Windows
#

---------------  T H R E A D  ---------------

Current thread (0x000000001548f000):  JavaThread "C2 CompilerThread0" daemon [_thread_in_native, id=1820, stack(0x0000000016b00000,0x0000000016c00000)]

Stack: [0x0000000016b00000,0x0000000016c00000]
[error occurred during error reporting (printing stack bounds), id 0xc0000005]

Native frames: (J=compiled Java code, j=interpreted, Vv=VM code, C=native code)


Current CompileTask:
C2:   1417  564       4       java.lang.String::compareTo (78 bytes)


---------------  P R O C E S S  ---------------

Java Threads: ( => current thread )
  0x0000000016d04000 JavaThread "Service Thread" daemon [_thread_blocked, id=17360, stack(0x0000000017200000,0x0000000017300000)]
  0x0000000016d00800 JavaThread "C1 CompilerThread2" daemon [_thread_in_native, id=15776, stack(0x0000000017100000,0x0000000017200000)]
  0x0000000015493800 JavaThread "C2 CompilerThread1" daemon [_thread_blocked, id=4384, stack(0x0000000016c00000,0x0000000016d00000)]
=>0x000000001548f000 JavaThread "C2 CompilerThread0" daemon [_thread_in_native, id=1820, stack(0x0000000016b00000,0x0000000016c00000)]
  0x000000001548e000 JavaThread "Attach Listener" daemon [_thread_blocked, id=16104, stack(0x0000000016a00000,0x0000000016b00000)]
  0x000000001549a800 JavaThread "Signal Dispatcher" daemon [_thread_blocked, id=15340, stack(0x0000000016900000,0x0000000016a00000)]
  0x0000000015478800 JavaThread "Finalizer" daemon [_thread_blocked, id=13388, stack(0x0000000016710000,0x0000000016810000)]
  0x0000000015457000 JavaThread "Reference Handler" daemon [_thread_blocked, id=14128, stack(0x0000000016610000,0x0000000016710000)]
  0x0000000002bbd800 JavaThread "main" [_thread_in_vm, id=15444, stack(0x0000000002a30000,0x0000000002b30000)]

Other Threads:
  0x0000000015456000 VMThread [stack: 0x0000000016510000,0x0000000016610000] [id=11180]
  0x0000000016d05000 WatcherThread [stack: 0x0000000017300000,0x0000000017400000] [id=15784]

VM state:not at safepoint (normal execution)

VM Mutex/Monitor currently owned by a thread: None

Heap:
 PSYoungGen      total 38400K, used 13333K [0x00000000eab00000, 0x00000000ed580000, 0x0000000100000000)
  eden space 33280K, 40% used [0x00000000eab00000,0x00000000eb8056c8,0x00000000ecb80000)
  from space 5120K, 0% used [0x00000000ed080000,0x00000000ed080000,0x00000000ed580000)
  to   space 5120K, 0% used [0x00000000ecb80000,0x00000000ecb80000,0x00000000ed080000)
 ParOldGen       total 87552K, used 0K [0x00000000c0000000, 0x00000000c5580000, 0x00000000eab00000)
  object space 87552K, 0% used [0x00000000c0000000,0x00000000c0000000,0x00000000c5580000)
 Metaspace       used 5583K, capacity 6512K, committed 6784K, reserved 1056768K
  class space    used 588K, capacity 616K, committed 640K, reserved 1048576K

Card table byte_map: [0x0000000012180000,0x0000000012390000] byte_map_base: 0x0000000011b80000

Marking Bits: (ParMarkBitMap*) 0x0000000076d44970
 Begin Bits: [0x00000000128f0000, 0x00000000138f0000)
 End Bits:   [0x00000000138f0000, 0x00000000148f0000)

Polling page: 0x00000000011b0000

CodeCache: size=245760Kb used=2130Kb max_used=2141Kb free=243629Kb
 bounds [0x0000000002dc0000, 0x0000000003030000, 0x0000000011dc0000]
 total_blobs=812 nmethods=544 adapters=182
 compilation: enabled

Compilation events (10 events):
Event: 1.413 Thread 0x0000000016d00800 nmethod 549 0x0000000002fd1890 code [0x0000000002fd1a00, 0x0000000002fd1b88]
Event: 1.413 Thread 0x0000000016d00800  537       3       com.android.dx.ssa.NormalSsaInsn::<init> (15 bytes)
Event: 1.413 Thread 0x0000000016d00800 nmethod 537 0x0000000002fd1150 code [0x0000000002fd12e0, 0x0000000002fd16e8]
Event: 1.413 Thread 0x000000001548f000  556   !   4       com.android.dx.util.FixedSizeList::set0 (22 bytes)
Event: 1.413 Thread 0x0000000016d00800  532   !   3       com.android.dx.cf.code.BytecodeArray::parseInstruction (2764 bytes)
Event: 1.414 Thread 0x000000001548f000 nmethod 556 0x0000000002fd0dd0 code [0x0000000002fd0f20, 0x0000000002fd1038]
Event: 1.414 Thread 0x0000000015493800  559       4       com.android.dx.rop.code.BasicBlockList::get (9 bytes)
Event: 1.415 Thread 0x0000000015493800 nmethod 559 0x0000000002fd0a50 code [0x0000000002fd0ba0, 0x0000000002fd0c78]
Event: 1.415 Thread 0x000000001548f000  564       4       java.lang.String::compareTo (78 bytes)
Event: 1.415 Thread 0x0000000015493800  566       4       com.android.dx.ssa.NormalSsaInsn::getOpcode (8 bytes)

GC Heap History (0 events):
No events

Deoptimization events (1 events):
Event: 1.406 Thread 0x0000000016e6e800 Uncommon trap: reason=unstable_if action=reinterpret pc=0x0000000002fae060 method=java.util.HashMap.getNode(ILjava/lang/Object;)Ljava/util/HashMap$Node; @ 129

Classes redefined (0 events):
No events

Internal exceptions (2 events):
Event: 0.034 Thread 0x0000000002bbd800 Exception <a 'java/lang/NoSuchMethodError': Method sun.misc.Unsafe.defineClass(Ljava/lang/String;[BII)Ljava/lang/Class; name or signature does not match> (0x00000000eab07ca8) thrown at [D:\src\AOSP-openjdk-cygwin\jdk8u\hotspot\src\share\vm\prims\jni.cpp, 
Event: 0.034 Thread 0x0000000002bbd800 Exception <a 'java/lang/NoSuchMethodError': Method sun.misc.Unsafe.prefetchRead(Ljava/lang/Object;J)V name or signature does not match> (0x00000000eab07f90) thrown at [D:\src\AOSP-openjdk-cygwin\jdk8u\hotspot\src\share\vm\prims\jni.cpp, line 4011]

Events (10 events):
Event: 1.280 loading class java/util/DualPivotQuicksort
Event: 1.280 loading class java/util/DualPivotQuicksort done
Event: 1.397 loading class com/android/dx/cf/code/BytecodeArray$ConstantParserVisitor
Event: 1.397 loading class com/android/dx/cf/code/BytecodeArray$ConstantParserVisitor done
Event: 1.406 Thread 0x0000000016e6e800 Uncommon trap: trap_request=0xffffff65 fr.pc=0x0000000002fae060
Event: 1.406 Thread 0x0000000016e77800 Thread exited: 0x0000000016e77800
Event: 1.406 Thread 0x0000000016e6e800 DEOPT PACKING pc=0x0000000002fae060 sp=0x00000000174fe920
Event: 1.406 Thread 0x0000000016e6e800 DEOPT UNPACKING pc=0x0000000002e0557b sp=0x00000000174fe898 mode 2
Event: 1.406 Thread 0x0000000016e78000 Thread exited: 0x0000000016e78000
Event: 1.415 Thread 0x0000000016e6e800 Thread exited: 0x0000000016e6e800


Dynamic libraries:
0x00007ff629040000 - 0x00007ff629071000 	D:\Android\Android studio\jre\bin\java.exe
0x00007ffcccef0000 - 0x00007ffccd0cb000 	C:\Windows\SYSTEM32\ntdll.dll
0x00007ffccb210000 - 0x00007ffccb2be000 	C:\Windows\System32\KERNEL32.DLL
0x00007ffcc9600000 - 0x00007ffcc9849000 	C:\Windows\System32\KERNELBASE.dll
0x00007ffccb490000 - 0x00007ffccb531000 	C:\Windows\System32\ADVAPI32.dll
0x00007ffccccb0000 - 0x00007ffcccd4d000 	C:\Windows\System32\msvcrt.dll
0x00007ffccb060000 - 0x00007ffccb0b9000 	C:\Windows\System32\sechost.dll
0x00007ffcccdc0000 - 0x00007ffcccee5000 	C:\Windows\System32\RPCRT4.dll
0x00007ffcca8a0000 - 0x00007ffcca9ea000 	C:\Windows\System32\USER32.dll
0x00007ffcca2c0000 - 0x00007ffcca2de000 	C:\Windows\System32\win32u.dll
0x00007ffccc980000 - 0x00007ffccc9a7000 	C:\Windows\System32\GDI32.dll
0x00007ffcc9470000 - 0x00007ffcc95f7000 	C:\Windows\System32\gdi32full.dll
0x00007ffcc9850000 - 0x00007ffcc98ea000 	C:\Windows\System32\msvcp_win.dll
0x00007ffcc9ac0000 - 0x00007ffcc9bb6000 	C:\Windows\System32\ucrtbase.dll
0x00007ffcb6380000 - 0x00007ffcb65e7000 	C:\Windows\WinSxS\amd64_microsoft.windows.common-controls_6595b64144ccf1df_6.0.15063.1058_none_40c74ded29a7bebd\COMCTL32.dll
0x00007ffccc9b0000 - 0x00007ffcccca9000 	C:\Windows\System32\combase.dll
0x00007ffcca3e0000 - 0x00007ffcca44a000 	C:\Windows\System32\bcryptPrimitives.dll
0x00007ffcca700000 - 0x00007ffcca72d000 	C:\Windows\System32\IMM32.DLL
0x00000000761c0000 - 0x0000000076292000 	D:\Android\Android studio\jre\jre\bin\msvcr100.dll
0x0000000076580000 - 0x0000000076dbf000 	D:\Android\Android studio\jre\jre\bin\server\jvm.dll
0x00007ffcca890000 - 0x00007ffcca898000 	C:\Windows\System32\PSAPI.DLL
0x00007ffcbaa70000 - 0x00007ffcbaa79000 	C:\Windows\SYSTEM32\WSOCK32.dll
0x00007ffccaf40000 - 0x00007ffccafac000 	C:\Windows\System32\WS2_32.dll
0x00007ffcc2830000 - 0x00007ffcc2853000 	C:\Windows\SYSTEM32\WINMM.dll
0x00007ffcbf9c0000 - 0x00007ffcbf9ca000 	C:\Windows\SYSTEM32\VERSION.dll
0x00007ffcc26b0000 - 0x00007ffcc26db000 	C:\Windows\SYSTEM32\WINMMBASE.dll
0x00007ffcca390000 - 0x00007ffcca3d9000 	C:\Windows\System32\cfgmgr32.dll
0x00007ffcc3790000 - 0x00007ffcc379f000 	D:\Android\Android studio\jre\jre\bin\verify.dll
0x00007ffcc23e0000 - 0x00007ffcc2409000 	D:\Android\Android studio\jre\jre\bin\java.dll
0x00007ffcbff80000 - 0x00007ffcbff96000 	D:\Android\Android studio\jre\jre\bin\zip.dll
0x00007ffccb540000 - 0x00007ffccc978000 	C:\Windows\System32\SHELL32.dll
0x00007ffccafb0000 - 0x00007ffccb05a000 	C:\Windows\System32\shcore.dll
0x00007ffcc9bc0000 - 0x00007ffcca2b1000 	C:\Windows\System32\windows.storage.dll
0x00007ffcca620000 - 0x00007ffcca671000 	C:\Windows\System32\shlwapi.dll
0x00007ffcc93f0000 - 0x00007ffcc9401000 	C:\Windows\System32\kernel.appcore.dll
0x00007ffcc93a0000 - 0x00007ffcc93ec000 	C:\Windows\System32\powrprof.dll
0x00007ffcc9380000 - 0x00007ffcc9395000 	C:\Windows\System32\profapi.dll

VM Arguments:
jvm_args: -Djava.awt.headless=true -Xmx1024M -Dfile.encoding=windows-1252 -Duser.country=GB -Duser.language=en -Duser.variant 
java_command: com.android.dx.command.Main --dex --num-threads=4 --output D:\Android\barcode-reader\app\build\intermediates\pre-dexed\debug\internal_impl-24.2.0_e53c2abca02a5e701a0a7cd03cbd47b008f18303.jar D:\Android\barcode-reader\app\build\intermediates\exploded-aar\com.android.support\support-core-ui\24.2.0\jars\libs\internal_impl-24.2.0.jar
java_class_path (initial): C:\Users\sagar\AppData\Local\Android\Sdk\build-tools\24.0.1\lib\dx.jar
Launcher Type: SUN_STANDARD

Environment Variables:
JAVA_HOME=C:\Program Files (x86)\Java\jdk1.8.0_172
PATH=C:\Program Files (x86)\Intel\iCLS Client\;C:\Program Files\Intel\iCLS Client\;C:\Windows\system32;C:\Windows;C:\Windows\System32\Wbem;C:\Windows\System32\WindowsPowerShell\v1.0\;C:\Program Files (x86)\NVIDIA Corporation\PhysX\Common;C:\Program Files (x86)\Intel\Intel(R) Management Engine Components\DAL;C:\Program Files\Intel\Intel(R) Management Engine Components\DAL;C:\Program Files (x86)\Intel\Intel(R) Management Engine Components\IPT;C:\Program Files\Intel\Intel(R) Management Engine Components\IPT;C:\Program Files\Intel\WiFi\bin\;C:\Program Files\Common Files\Intel\WirelessCommon\;C:\Program Files\Git\cmd;C:\Program Files\dotnet\;C:\Users\sagar\AppData\Local\Microsoft\WindowsApps
USERNAME=mcq-1
OS=Windows_NT
PROCESSOR_IDENTIFIER=Intel64 Family 6 Model 158 Stepping 9, GenuineIntel



---------------  S Y S T E M  ---------------

OS: Windows 10.0 , 64 bit Build 15063 (10.0.15063.1058)

CPU:total 4 (initial active 4) (4 cores per cpu, 1 threads per core) family 6 model 158 stepping 9, cmov, cx8, fxsr, mmx, sse, sse2, sse3, ssse3, sse4.1, sse4.2, popcnt, avx, avx2, aes, clmul, erms, 3dnowpref, lzcnt, tsc, tscinvbit, bmi1, bmi2, adx

Memory: 4k page, physical 8269988k(1178592k free), swap 12716020k(2960k free)

vm_info: OpenJDK 64-Bit Server VM (25.152-b02) for windows-amd64 JRE (1.8.0_152-release-1024-b02), built by "builder" with MS VC++ 10.0 (VS2010)

time: Wed Jul 04 10:11:26 2018
elapsed time: 1 seconds (0d 0h 0m 1s)

