#
# There is insufficient memory for the Java Runtime Environment to continue.
# Native memory allocation (malloc) failed to allocate 32744 bytes for ChunkPool::allocate
# Possible reasons:
#   The system is out of physical RAM or swap space
#   In 32 bit mode, the process size limit was hit
# Possible solutions:
#   Reduce memory load on the system
#   Increase physical memory or swap space
#   Check if swap backing store is full
#   Use 64 bit Java on a 64 bit OS
#   Decrease Java heap size (-Xmx/-Xms)
#   Decrease number of Java threads
#   Decrease Java thread stack sizes (-Xss)
#   Set larger code cache with -XX:ReservedCodeCacheSize=
# This output file may be truncated or incomplete.
#
#  Out of Memory Error (allocation.cpp:273), pid=6508, tid=0x0000000000004af0
#
# JRE version: OpenJDK Runtime Environment (8.0_152-b02) (build 1.8.0_152-release-1024-b02)
# Java VM: OpenJDK 64-Bit Server VM (25.152-b02 mixed mode windows-amd64 compressed oops)
# Failed to write core dump. Minidumps are not enabled by default on client versions of Windows
#

---------------  T H R E A D  ---------------

Current thread (0x00000000154de800):  JavaThread "C2 CompilerThread0" daemon [_thread_in_native, id=19184, stack(0x0000000016b20000,0x0000000016c20000)]

Stack: [0x0000000016b20000,0x0000000016c20000]
[error occurred during error reporting (printing stack bounds), id 0xc0000005]

Native frames: (J=compiled Java code, j=interpreted, Vv=VM code, C=native code)


Current CompileTask:
C2:   2327 1342       4       com.android.dx.ssa.LocalVariableExtractor::processBlock (383 bytes)


---------------  P R O C E S S  ---------------

Java Threads: ( => current thread )
  0x0000000016ef8000 JavaThread "pool-1-thread-4" [_thread_blocked, id=16564, stack(0x0000000017820000,0x0000000017920000)]
  0x0000000016ef7800 JavaThread "pool-1-thread-3" [_thread_blocked, id=17748, stack(0x0000000017720000,0x0000000017820000)]
  0x0000000016ef6800 JavaThread "pool-1-thread-2" [_thread_in_Java, id=2072, stack(0x0000000017620000,0x0000000017720000)]
  0x0000000016ec6000 JavaThread "pool-2-thread-1" [_thread_blocked, id=19940, stack(0x0000000017520000,0x0000000017620000)]
  0x0000000016f66000 JavaThread "pool-1-thread-1" [_thread_blocked, id=7292, stack(0x0000000017420000,0x0000000017520000)]
  0x0000000016d2d800 JavaThread "Service Thread" daemon [_thread_blocked, id=14220, stack(0x0000000017220000,0x0000000017320000)]
  0x0000000016d20800 JavaThread "C1 CompilerThread2" daemon [_thread_in_native, id=16168, stack(0x0000000017120000,0x0000000017220000)]
  0x00000000154e3000 JavaThread "C2 CompilerThread1" daemon [_thread_in_native, id=20032, stack(0x0000000016c20000,0x0000000016d20000)]
=>0x00000000154de800 JavaThread "C2 CompilerThread0" daemon [_thread_in_native, id=19184, stack(0x0000000016b20000,0x0000000016c20000)]
  0x00000000154eb800 JavaThread "Attach Listener" daemon [_thread_blocked, id=20668, stack(0x0000000016a20000,0x0000000016b20000)]
  0x00000000154ea000 JavaThread "Signal Dispatcher" daemon [_thread_blocked, id=10160, stack(0x0000000016920000,0x0000000016a20000)]
  0x00000000154c8800 JavaThread "Finalizer" daemon [_thread_blocked, id=4216, stack(0x0000000016730000,0x0000000016830000)]
  0x00000000154a7000 JavaThread "Reference Handler" daemon [_thread_blocked, id=3744, stack(0x0000000016630000,0x0000000016730000)]
  0x0000000002abd800 JavaThread "main" [_thread_in_Java, id=1776, stack(0x0000000002c10000,0x0000000002d10000)]

Other Threads:
  0x00000000154a6000 VMThread [stack: 0x0000000016530000,0x0000000016630000] [id=19892]
  0x0000000016d24000 WatcherThread [stack: 0x0000000017320000,0x0000000017420000] [id=7252]

VM state:not at safepoint (normal execution)

VM Mutex/Monitor currently owned by a thread: None

Heap:
 PSYoungGen      total 71680K, used 16395K [0x00000000eab00000, 0x00000000ef600000, 0x0000000100000000)
  eden space 66560K, 16% used [0x00000000eab00000,0x00000000eb609a40,0x00000000eec00000)
  from space 5120K, 99% used [0x00000000ef100000,0x00000000ef5f91d0,0x00000000ef600000)
  to   space 5120K, 0% used [0x00000000eec00000,0x00000000eec00000,0x00000000ef100000)
 ParOldGen       total 87552K, used 5816K [0x00000000c0000000, 0x00000000c5580000, 0x00000000eab00000)
  object space 87552K, 6% used [0x00000000c0000000,0x00000000c05ae090,0x00000000c5580000)
 Metaspace       used 6147K, capacity 7024K, committed 7296K, reserved 1056768K
  class space    used 592K, capacity 616K, committed 640K, reserved 1048576K

Card table byte_map: [0x00000000121d0000,0x00000000123e0000] byte_map_base: 0x0000000011bd0000

Marking Bits: (ParMarkBitMap*) 0x0000000076d44970
 Begin Bits: [0x0000000012940000, 0x0000000013940000)
 End Bits:   [0x0000000013940000, 0x0000000014940000)

Polling page: 0x00000000012b0000

CodeCache: size=245760Kb used=5791Kb max_used=5791Kb free=239968Kb
 bounds [0x0000000002e10000, 0x00000000033c0000, 0x0000000011e10000]
 total_blobs=1642 nmethods=1374 adapters=182
 compilation: enabled

Compilation events (10 events):
Event: 2.261 Thread 0x0000000016d20800 nmethod 1380 0x00000000033b2310 code [0x00000000033b28c0, 0x00000000033b6738]
Event: 2.261 Thread 0x0000000016d20800 1381       3       com.android.dx.ssa.PhiInsn::mapSourceRegisters (78 bytes)
Event: 2.261 Thread 0x0000000016d20800 nmethod 1381 0x00000000033b9310 code [0x00000000033b94e0, 0x00000000033b9e28]
Event: 2.261 Thread 0x0000000016d20800 1382       3       java.util.HashMap$HashIterator::hasNext (13 bytes)
Event: 2.261 Thread 0x0000000016d20800 nmethod 1382 0x00000000033ba210 code [0x00000000033ba360, 0x00000000033ba510]
Event: 2.261 Thread 0x0000000016d20800 1383       3       com.android.dx.ssa.InterferenceRegisterMapper::areAnyPinned (81 bytes)
Event: 2.262 Thread 0x0000000016d20800 nmethod 1383 0x00000000033ba590 code [0x00000000033ba780, 0x00000000033bb3d8]
Event: 2.262 Thread 0x0000000016d20800 1384       3       com.android.dx.rop.cst.CstArray$List::set (7 bytes)
Event: 2.321 Thread 0x0000000016d20800 nmethod 1384 0x00000000033bb850 code [0x00000000033bba20, 0x00000000033bc208]
Event: 2.321 Thread 0x0000000016d20800 1401   !   2       com.android.dx.cf.code.BytecodeArray::parseInstruction (2764 bytes)

GC Heap History (4 events):
Event: 2.070 GC heap before
{Heap before GC invocations=1 (full 0):
 PSYoungGen      total 38400K, used 33280K [0x00000000eab00000, 0x00000000ed580000, 0x0000000100000000)
  eden space 33280K, 100% used [0x00000000eab00000,0x00000000ecb80000,0x00000000ecb80000)
  from space 5120K, 0% used [0x00000000ed080000,0x00000000ed080000,0x00000000ed580000)
  to   space 5120K, 0% used [0x00000000ecb80000,0x00000000ecb80000,0x00000000ed080000)
 ParOldGen       total 87552K, used 0K [0x00000000c0000000, 0x00000000c5580000, 0x00000000eab00000)
  object space 87552K, 0% used [0x00000000c0000000,0x00000000c0000000,0x00000000c5580000)
 Metaspace       used 6064K, capacity 6960K, committed 7040K, reserved 1056768K
  class space    used 592K, capacity 616K, committed 640K, reserved 1048576K
Event: 2.123 GC heap after
Heap after GC invocations=1 (full 0):
 PSYoungGen      total 38400K, used 5092K [0x00000000eab00000, 0x00000000ef600000, 0x0000000100000000)
  eden space 33280K, 0% used [0x00000000eab00000,0x00000000eab00000,0x00000000ecb80000)
  from space 5120K, 99% used [0x00000000ecb80000,0x00000000ed0791e0,0x00000000ed080000)
  to   space 5120K, 0% used [0x00000000ef100000,0x00000000ef100000,0x00000000ef600000)
 ParOldGen       total 87552K, used 2036K [0x00000000c0000000, 0x00000000c5580000, 0x00000000eab00000)
  object space 87552K, 2% used [0x00000000c0000000,0x00000000c01fd110,0x00000000c5580000)
 Metaspace       used 6064K, capacity 6960K, committed 7040K, reserved 1056768K
  class space    used 592K, capacity 616K, committed 640K, reserved 1048576K
}
Event: 2.262 GC heap before
{Heap before GC invocations=2 (full 0):
 PSYoungGen      total 38400K, used 38372K [0x00000000eab00000, 0x00000000ef600000, 0x0000000100000000)
  eden space 33280K, 100% used [0x00000000eab00000,0x00000000ecb80000,0x00000000ecb80000)
  from space 5120K, 99% used [0x00000000ecb80000,0x00000000ed0791e0,0x00000000ed080000)
  to   space 5120K, 0% used [0x00000000ef100000,0x00000000ef100000,0x00000000ef600000)
 ParOldGen       total 87552K, used 2036K [0x00000000c0000000, 0x00000000c5580000, 0x00000000eab00000)
  object space 87552K, 2% used [0x00000000c0000000,0x00000000c01fd110,0x00000000c5580000)
 Metaspace       used 6147K, capacity 7024K, committed 7296K, reserved 1056768K
  class space    used 592K, capacity 616K, committed 640K, reserved 1048576K
Event: 2.270 GC heap after
Heap after GC invocations=2 (full 0):
 PSYoungGen      total 71680K, used 5092K [0x00000000eab00000, 0x00000000ef600000, 0x0000000100000000)
  eden space 66560K, 0% used [0x00000000eab00000,0x00000000eab00000,0x00000000eec00000)
  from space 5120K, 99% used [0x00000000ef100000,0x00000000ef5f91d0,0x00000000ef600000)
  to   space 5120K, 0% used [0x00000000eec00000,0x00000000eec00000,0x00000000ef100000)
 ParOldGen       total 87552K, used 5816K [0x00000000c0000000, 0x00000000c5580000, 0x00000000eab00000)
  object space 87552K, 6% used [0x00000000c0000000,0x00000000c05ae090,0x00000000c5580000)
 Metaspace       used 6147K, capacity 7024K, committed 7296K, reserved 1056768K
  class space    used 592K, capacity 616K, committed 640K, reserved 1048576K
}

Deoptimization events (10 events):
Event: 2.207 Thread 0x0000000016ef8000 Uncommon trap: reason=class_check action=maybe_recompile pc=0x00000000032bc488 method=com.android.dx.cf.code.BytecodeArray.parseInstruction(ILcom/android/dx/cf/code/BytecodeArray$Visitor;)I @ 2002
Event: 2.207 Thread 0x0000000016ef8000 Uncommon trap: reason=bimorphic action=maybe_recompile pc=0x00000000032ba864 method=com.android.dx.cf.code.BytecodeArray.parseInstruction(ILcom/android/dx/cf/code/BytecodeArray$Visitor;)I @ 2484
Event: 2.221 Thread 0x0000000016ef8000 Uncommon trap: reason=unstable_if action=reinterpret pc=0x00000000032fec90 method=com.android.dx.ssa.SCCP.simulateStmt(Lcom/android/dx/ssa/SsaInsn;)V @ 59
Event: 2.252 Thread 0x0000000002abd800 Uncommon trap: reason=unstable_if action=reinterpret pc=0x000000000326c6bc method=com.android.dx.util.IntList.binarysearch(I)I @ 105
Event: 2.297 Thread 0x0000000002abd800 Uncommon trap: reason=unstable_if action=reinterpret pc=0x00000000031fb4a8 method=com.android.dx.rop.code.RegisterSpec.equals(ILcom/android/dx/rop/type/TypeBearer;Lcom/android/dx/rop/code/LocalItem;)Z @ 42
Event: 2.299 Thread 0x0000000002abd800 Uncommon trap: reason=unstable_if action=reinterpret pc=0x00000000031b244c method=com.android.dx.rop.code.RegisterSpec.equals(ILcom/android/dx/rop/type/TypeBearer;Lcom/android/dx/rop/code/LocalItem;)Z @ 42
Event: 2.303 Thread 0x0000000002abd800 Uncommon trap: reason=bimorphic action=maybe_recompile pc=0x00000000032baa34 method=com.android.dx.cf.code.BytecodeArray.parseInstruction(ILcom/android/dx/cf/code/BytecodeArray$Visitor;)I @ 1501
Event: 2.303 Thread 0x0000000002abd800 Uncommon trap: reason=class_check action=maybe_recompile pc=0x00000000032bc488 method=com.android.dx.cf.code.BytecodeArray.parseInstruction(ILcom/android/dx/cf/code/BytecodeArray$Visitor;)I @ 2002
Event: 2.304 Thread 0x0000000002abd800 Uncommon trap: reason=bimorphic action=maybe_recompile pc=0x00000000032baa34 method=com.android.dx.cf.code.BytecodeArray.parseInstruction(ILcom/android/dx/cf/code/BytecodeArray$Visitor;)I @ 1501
Event: 2.325 Thread 0x0000000016ef6800 Uncommon trap: reason=null_check action=make_not_entrant pc=0x00000000031ee5a0 method=com.android.dx.ssa.SsaRenamer.getLocalForNewReg(I)Lcom/android/dx/rop/code/LocalItem; @ 19

Classes redefined (0 events):
No events

Internal exceptions (3 events):
Event: 0.207 Thread 0x0000000002abd800 Exception <a 'java/lang/NoSuchMethodError': Method sun.misc.Unsafe.defineClass(Ljava/lang/String;[BII)Ljava/lang/Class; name or signature does not match> (0x00000000eab07ca8) thrown at [D:\src\AOSP-openjdk-cygwin\jdk8u\hotspot\src\share\vm\prims\jni.cpp, 
Event: 0.207 Thread 0x0000000002abd800 Exception <a 'java/lang/NoSuchMethodError': Method sun.misc.Unsafe.prefetchRead(Ljava/lang/Object;J)V name or signature does not match> (0x00000000eab07f90) thrown at [D:\src\AOSP-openjdk-cygwin\jdk8u\hotspot\src\share\vm\prims\jni.cpp, line 4011]
Event: 2.325 Thread 0x0000000016ef6800 Implicit null exception at 0x00000000031eb45f to 0x00000000031ee55d

Events (10 events):
Event: 2.303 Thread 0x0000000002abd800 DEOPT UNPACKING pc=0x0000000002e5557b sp=0x0000000002d0e3e0 mode 2
Event: 2.303 Thread 0x0000000002abd800 Uncommon trap: trap_request=0xffffffde fr.pc=0x00000000032bc488
Event: 2.303 Thread 0x0000000002abd800 DEOPT PACKING pc=0x00000000032bc488 sp=0x0000000002d0e5b0
Event: 2.303 Thread 0x0000000002abd800 DEOPT UNPACKING pc=0x0000000002e5557b sp=0x0000000002d0e528 mode 2
Event: 2.304 Thread 0x0000000002abd800 Uncommon trap: trap_request=0xffffffc6 fr.pc=0x00000000032baa34
Event: 2.304 Thread 0x0000000002abd800 DEOPT PACKING pc=0x00000000032baa34 sp=0x0000000002d0e220
Event: 2.304 Thread 0x0000000002abd800 DEOPT UNPACKING pc=0x0000000002e5557b sp=0x0000000002d0e1a0 mode 2
Event: 2.325 Thread 0x0000000016ef6800 Uncommon trap: trap_request=0xfffffff4 fr.pc=0x00000000031ee5a0
Event: 2.325 Thread 0x0000000016ef6800 DEOPT PACKING pc=0x00000000031ee5a0 sp=0x000000001771ebb0
Event: 2.325 Thread 0x0000000016ef6800 DEOPT UNPACKING pc=0x0000000002e5557b sp=0x000000001771ea08 mode 2


Dynamic libraries:
0x00007ff629040000 - 0x00007ff629071000 	D:\Android\Android studio\jre\bin\java.exe
0x00007ffcccef0000 - 0x00007ffccd0cb000 	C:\Windows\SYSTEM32\ntdll.dll
0x00007ffccb210000 - 0x00007ffccb2be000 	C:\Windows\System32\KERNEL32.DLL
0x00007ffcc9600000 - 0x00007ffcc9849000 	C:\Windows\System32\KERNELBASE.dll
0x00007ffccb490000 - 0x00007ffccb531000 	C:\Windows\System32\ADVAPI32.dll
0x00007ffccccb0000 - 0x00007ffcccd4d000 	C:\Windows\System32\msvcrt.dll
0x00007ffccb060000 - 0x00007ffccb0b9000 	C:\Windows\System32\sechost.dll
0x00007ffcccdc0000 - 0x00007ffcccee5000 	C:\Windows\System32\RPCRT4.dll
0x00007ffcca8a0000 - 0x00007ffcca9ea000 	C:\Windows\System32\USER32.dll
0x00007ffcca2c0000 - 0x00007ffcca2de000 	C:\Windows\System32\win32u.dll
0x00007ffccc980000 - 0x00007ffccc9a7000 	C:\Windows\System32\GDI32.dll
0x00007ffcc9470000 - 0x00007ffcc95f7000 	C:\Windows\System32\gdi32full.dll
0x00007ffcc9850000 - 0x00007ffcc98ea000 	C:\Windows\System32\msvcp_win.dll
0x00007ffcc9ac0000 - 0x00007ffcc9bb6000 	C:\Windows\System32\ucrtbase.dll
0x00007ffcb6380000 - 0x00007ffcb65e7000 	C:\Windows\WinSxS\amd64_microsoft.windows.common-controls_6595b64144ccf1df_6.0.15063.1058_none_40c74ded29a7bebd\COMCTL32.dll
0x00007ffccc9b0000 - 0x00007ffcccca9000 	C:\Windows\System32\combase.dll
0x00007ffcca3e0000 - 0x00007ffcca44a000 	C:\Windows\System32\bcryptPrimitives.dll
0x00007ffcca700000 - 0x00007ffcca72d000 	C:\Windows\System32\IMM32.DLL
0x00000000761c0000 - 0x0000000076292000 	D:\Android\Android studio\jre\jre\bin\msvcr100.dll
0x0000000076580000 - 0x0000000076dbf000 	D:\Android\Android studio\jre\jre\bin\server\jvm.dll
0x00007ffcca890000 - 0x00007ffcca898000 	C:\Windows\System32\PSAPI.DLL
0x00007ffcbaa70000 - 0x00007ffcbaa79000 	C:\Windows\SYSTEM32\WSOCK32.dll
0x00007ffccaf40000 - 0x00007ffccafac000 	C:\Windows\System32\WS2_32.dll
0x00007ffcc2830000 - 0x00007ffcc2853000 	C:\Windows\SYSTEM32\WINMM.dll
0x00007ffcbf9c0000 - 0x00007ffcbf9ca000 	C:\Windows\SYSTEM32\VERSION.dll
0x00007ffcc26b0000 - 0x00007ffcc26db000 	C:\Windows\SYSTEM32\WINMMBASE.dll
0x00007ffcca390000 - 0x00007ffcca3d9000 	C:\Windows\System32\cfgmgr32.dll
0x00007ffcc3790000 - 0x00007ffcc379f000 	D:\Android\Android studio\jre\jre\bin\verify.dll
0x00007ffcc23e0000 - 0x00007ffcc2409000 	D:\Android\Android studio\jre\jre\bin\java.dll
0x00007ffcbff80000 - 0x00007ffcbff96000 	D:\Android\Android studio\jre\jre\bin\zip.dll
0x00007ffccb540000 - 0x00007ffccc978000 	C:\Windows\System32\SHELL32.dll
0x00007ffccafb0000 - 0x00007ffccb05a000 	C:\Windows\System32\shcore.dll
0x00007ffcc9bc0000 - 0x00007ffcca2b1000 	C:\Windows\System32\windows.storage.dll
0x00007ffcca620000 - 0x00007ffcca671000 	C:\Windows\System32\shlwapi.dll
0x00007ffcc93f0000 - 0x00007ffcc9401000 	C:\Windows\System32\kernel.appcore.dll
0x00007ffcc93a0000 - 0x00007ffcc93ec000 	C:\Windows\System32\powrprof.dll
0x00007ffcc9380000 - 0x00007ffcc9395000 	C:\Windows\System32\profapi.dll

VM Arguments:
jvm_args: -Djava.awt.headless=true -Xmx1024M -Dfile.encoding=windows-1252 -Duser.country=GB -Duser.language=en -Duser.variant 
java_command: com.android.dx.command.Main --dex --num-threads=4 --output D:\Android\barcode-reader\app\build\intermediates\pre-dexed\debug\com.android.support-support-fragment-24.2.0_5f85adb9cd1e648f2b776170ec0993cce15bf4ea.jar D:\Android\barcode-reader\app\build\intermediates\exploded-aar\com.android.support\support-fragment\24.2.0\jars\classes.jar
java_class_path (initial): C:\Users\sagar\AppData\Local\Android\Sdk\build-tools\24.0.1\lib\dx.jar
Launcher Type: SUN_STANDARD

Environment Variables:
JAVA_HOME=C:\Program Files (x86)\Java\jdk1.8.0_172
PATH=C:\Program Files (x86)\Intel\iCLS Client\;C:\Program Files\Intel\iCLS Client\;C:\Windows\system32;C:\Windows;C:\Windows\System32\Wbem;C:\Windows\System32\WindowsPowerShell\v1.0\;C:\Program Files (x86)\NVIDIA Corporation\PhysX\Common;C:\Program Files (x86)\Intel\Intel(R) Management Engine Components\DAL;C:\Program Files\Intel\Intel(R) Management Engine Components\DAL;C:\Program Files (x86)\Intel\Intel(R) Management Engine Components\IPT;C:\Program Files\Intel\Intel(R) Management Engine Components\IPT;C:\Program Files\Intel\WiFi\bin\;C:\Program Files\Common Files\Intel\WirelessCommon\;C:\Program Files\Git\cmd;C:\Program Files\dotnet\;C:\Users\sagar\AppData\Local\Microsoft\WindowsApps
USERNAME=mcq-1
OS=Windows_NT
PROCESSOR_IDENTIFIER=Intel64 Family 6 Model 158 Stepping 9, GenuineIntel



---------------  S Y S T E M  ---------------

OS: Windows 10.0 , 64 bit Build 15063 (10.0.15063.1058)

CPU:total 4 (initial active 4) (4 cores per cpu, 1 threads per core) family 6 model 158 stepping 9, cmov, cx8, fxsr, mmx, sse, sse2, sse3, ssse3, sse4.1, sse4.2, popcnt, avx, avx2, aes, clmul, erms, 3dnowpref, lzcnt, tsc, tscinvbit, bmi1, bmi2, adx

Memory: 4k page, physical 8269988k(1142424k free), swap 12716020k(3080k free)

vm_info: OpenJDK 64-Bit Server VM (25.152-b02) for windows-amd64 JRE (1.8.0_152-release-1024-b02), built by "builder" with MS VC++ 10.0 (VS2010)

time: Wed Jul 04 10:11:32 2018
elapsed time: 2 seconds (0d 0h 0m 2s)

