JvmtiExport can_access_local_variables 0
JvmtiExport can_hotswap_or_post_breakpoint 0
JvmtiExport can_post_on_exceptions 0
# 251 ciObject found
ciMethod com/android/dx/rop/cst/ConstantPool get (I)Lcom/android/dx/rop/cst/Constant; 0 0 1 0 -1
ciMethod com/android/dx/util/ByteArray getByte (I)I 81 1 42 0 0
ciMethod com/android/dx/util/ByteArray getShort (I)I 305 1 402 0 0
ciMethod com/android/dx/util/ByteArray getInt (I)I 793 1 1440 0 0
ciMethod com/android/dx/util/ByteArray getUnsignedByte (I)I 2913 1 51442 0 224
ciMethod com/android/dx/util/ByteArray getUnsignedShort (I)I 2153 1 15089 0 288
ciMethod com/android/dx/util/ByteArray checkOffsets (II)V 3641 1 8332 0 128
ciMethod com/android/dx/util/ByteArray getByte0 (I)I 2081 1 1884 0 0
ciMethod com/android/dx/util/ByteArray getUnsignedByte0 (I)I 3281 1 91574 0 96
ciMethod com/android/dx/cf/code/BytecodeArray$Visitor visitInvalid (III)V 0 0 1 0 -1
ciMethod com/android/dx/cf/code/BytecodeArray$Visitor visitNoArgs (IIILcom/android/dx/rop/type/Type;)V 0 0 1 0 -1
ciMethod com/android/dx/cf/code/BytecodeArray$Visitor visitLocal (IIIILcom/android/dx/rop/type/Type;I)V 0 0 1 0 -1
ciMethod com/android/dx/cf/code/BytecodeArray$Visitor visitConstant (IIILcom/android/dx/rop/cst/Constant;I)V 0 0 1 0 -1
ciMethod com/android/dx/cf/code/BytecodeArray$Visitor visitBranch (IIII)V 0 0 1 0 -1
ciMethod com/android/dx/cf/code/BytecodeArray$Visitor visitSwitch (IIILcom/android/dx/cf/code/SwitchList;I)V 0 0 1 0 -1
ciMethod com/android/dx/cf/code/BytecodeArray$Visitor getPreviousOffset ()I 0 0 1 0 -1
ciMethod com/android/dx/rop/cst/CstInteger make (I)Lcom/android/dx/rop/cst/CstInteger; 73 1 482 0 0
ciMethod com/android/dx/rop/cst/CstInteger <init> (I)V 209 1 24 0 -1
ciMethod com/android/dx/rop/cst/CstInteger getValue ()I 1889 1 1565 0 0
ciMethod com/android/dx/rop/cst/CstLiteral32 getIntBits ()I 1249 1 156 0 0
ciMethod com/android/dx/rop/cst/CstFieldRef getType ()Lcom/android/dx/rop/type/Type; 1697 1 444 0 -1
ciMethod com/android/dx/rop/cst/CstBaseMethodRef getPrototype (Z)Lcom/android/dx/rop/type/Prototype; 3937 1 742 0 -1
ciMethod com/android/dx/rop/cst/CstInterfaceMethodRef toMethodRef ()Lcom/android/dx/rop/cst/CstMethodRef; 377 1 107 0 -1
ciMethod com/android/dx/rop/cst/StdConstantPool get (I)Lcom/android/dx/rop/cst/Constant; 2081 1 6602 0 0
ciMethod com/android/dx/rop/cst/StdConstantPool throwInvalid (I)Lcom/android/dx/rop/cst/Constant; 0 0 1 0 -1
ciMethod com/android/dx/rop/type/Type getBasicFrameType ()I 4097 1 1740 0 -1
ciMethod com/android/dx/rop/type/Type isCategory1 ()Z 17 1 2 0 -1
ciMethod com/android/dx/rop/type/Type isCategory2 ()Z 4097 1 880 0 -1
ciMethod com/android/dx/rop/type/Type isArrayOrKnownNull ()Z 9 1 1 0 -1
ciMethod com/android/dx/rop/type/Type getComponentType ()Lcom/android/dx/rop/type/Type; 0 0 3 0 -1
ciMethod com/android/dx/rop/type/Prototype internInts (Lcom/android/dx/rop/type/Type;I)Lcom/android/dx/rop/type/Prototype; 0 0 1 0 -1
ciMethodData com/android/dx/util/ByteArray getUnsignedByte0 (I)I 2 91574 orig 264 56 173 178 118 0 0 0 0 0 150 120 20 0 0 0 0 40 1 0 0 0 0 0 0 0 0 0 0 0 0 0 0 0 0 0 0 0 0 0 0 0 0 0 0 0 0 0 0 0 0 0 0 0 0 0 0 0 0 0 0 0 0 0 0 0 0 0 0 0 0 0 0 0 0 0 0 0 0 0 0 77 68 79 32 101 120 116 114 97 32 100 97 116 97 32 108 111 99 107 0 0 0 0 0 0 0 0 0 0 0 0 0 0 0 0 0 0 0 0 0 0 0 0 0 0 0 0 0 0 0 0 0 0 0 0 0 0 0 0 0 0 0 0 0 0 0 0 0 0 0 0 0 0 0 0 0 0 0 0 0 0 0 0 0 0 0 0 0 0 0 0 0 0 0 0 0 0 0 0 0 0 0 0 0 1 0 0 0 0 0 0 0 0 0 0 0 0 0 0 0 1 0 0 0 0 0 0 0 0 0 0 0 0 0 0 0 152 1 0 0 225 32 11 0 1 0 0 0 0 0 0 0 0 0 0 0 2 0 0 0 0 0 3 0 1 0 0 0 0 0 0 0 255 255 255 255 0 0 0 0 0 0 0 0 data 0 oops 0
ciMethodData com/android/dx/util/ByteArray checkOffsets (II)V 2 8332 orig 264 56 173 178 118 0 0 0 0 120 148 120 20 0 0 0 0 40 3 0 0 64 0 0 0 0 0 0 0 0 0 0 0 0 0 0 0 0 0 0 0 0 0 0 0 0 0 0 0 0 0 0 0 0 0 0 0 0 0 0 0 0 0 0 0 0 0 0 0 0 0 0 0 0 0 0 0 0 0 0 0 77 68 79 32 101 120 116 114 97 32 100 97 116 97 32 108 111 99 107 0 0 0 0 0 0 0 0 0 0 0 0 0 0 0 0 0 0 0 0 0 0 0 0 0 0 0 0 0 0 0 0 0 0 0 0 0 0 0 0 0 0 0 0 0 0 0 0 0 0 0 0 0 0 0 0 0 0 0 0 0 0 0 0 0 0 0 0 0 0 0 0 0 0 0 0 0 0 0 0 0 0 0 0 0 25 0 0 0 0 0 0 0 0 0 0 0 0 0 0 0 1 0 0 0 0 0 0 0 0 0 0 0 0 0 0 0 199 1 0 0 41 246 0 0 1 0 0 0 0 0 0 0 0 0 0 0 2 0 0 0 0 0 10 0 2 0 0 0 208 1 0 0 255 255 255 255 7 0 1 0 0 0 0 0 data 58 0x10007 0x0 0x60 0x1ec5 0x60007 0x0 0x40 0x1ec5 0xe0007 0x1ec5 0x190 0x0 0x190002 0x0 0x1e0005 0x0 0x0 0x0 0x0 0x0 0x220005 0x0 0x0 0x0 0x0 0x0 0x270005 0x0 0x0 0x0 0x0 0x0 0x2b0005 0x0 0x0 0x0 0x0 0x0 0x300005 0x0 0x0 0x0 0x0 0x0 0x370005 0x0 0x0 0x0 0x0 0x0 0x3a0005 0x0 0x0 0x0 0x0 0x0 0x3d0002 0x0 oops 0
ciMethodData com/android/dx/util/ByteArray getUnsignedByte (I)I 2 51455 orig 264 56 173 178 118 0 0 0 0 184 145 120 20 0 0 0 0 72 1 0 0 0 0 0 0 0 0 0 0 0 0 0 0 0 0 0 0 0 0 0 0 0 0 0 0 0 0 0 0 0 0 0 0 0 0 0 0 0 0 0 0 0 0 0 0 0 0 0 0 0 0 0 0 0 0 0 0 0 0 0 0 77 68 79 32 101 120 116 114 97 32 100 97 116 97 32 108 111 99 107 0 0 0 0 0 0 0 0 0 0 0 0 0 0 0 0 0 0 0 0 0 0 0 0 0 0 0 0 0 0 0 0 0 0 0 0 0 0 0 0 0 0 0 0 0 0 0 0 0 0 0 0 0 0 0 0 0 0 0 0 0 0 0 0 0 0 0 0 0 0 0 0 0 0 0 0 0 0 0 0 0 0 0 0 0 17 0 0 0 0 0 0 0 0 0 0 0 0 0 0 0 1 0 0 0 0 0 0 0 0 0 0 0 0 0 0 0 108 1 0 0 153 60 6 0 1 0 0 0 0 0 0 0 0 0 0 0 2 0 0 0 0 0 3 0 2 0 0 0 32 0 0 0 255 255 255 255 2 0 5 0 0 0 0 0 data 4 0x50002 0xc793 0xa0002 0xc793 oops 0
ciMethod com/android/dx/cf/code/BytecodeArray parseInstruction (ILcom/android/dx/cf/code/BytecodeArray$Visitor;)I 4097 1 5632 0 -1
ciMethod com/android/dx/cf/code/BytecodeArray parseTableswitch (ILcom/android/dx/cf/code/BytecodeArray$Visitor;)I 17 65 2 0 0
ciMethod com/android/dx/cf/code/BytecodeArray parseLookupswitch (ILcom/android/dx/cf/code/BytecodeArray$Visitor;)I 0 0 1 0 0
ciMethod com/android/dx/cf/code/BytecodeArray parseNewarray (ILcom/android/dx/cf/code/BytecodeArray$Visitor;)I 0 0 1 0 0
ciMethod com/android/dx/cf/code/BytecodeArray parseWide (ILcom/android/dx/cf/code/BytecodeArray$Visitor;)I 0 0 1 0 0
ciMethod com/android/dx/cf/code/ByteCatchList listFor (I)Lcom/android/dx/cf/code/ByteCatchList; 4097 1161 1200 0 -1
ciMethod com/android/dx/cf/code/ByteCatchList toTargetList (I)Lcom/android/dx/util/IntList; 4097 105 1200 0 -1
ciMethod com/android/dx/cf/code/LocalVariableList pcAndIndexToLocal (II)Lcom/android/dx/cf/code/LocalVariableList$Item; 4097 5705 1332 0 -1
ciMethod com/android/dx/cf/code/LocalVariableList$Item getLocalItem ()Lcom/android/dx/rop/code/LocalItem; 3081 1 434 0 -1
ciMethod com/android/dx/cf/code/LocalVariableList$Item getType ()Lcom/android/dx/rop/type/Type; 4097 1 911 0 -1
ciMethodData com/android/dx/util/ByteArray getUnsignedShort (I)I 2 15090 orig 264 56 173 178 118 0 0 0 0 128 146 120 20 0 0 0 0 88 1 0 0 0 0 0 0 0 0 0 0 0 0 0 0 0 0 0 0 0 0 0 0 0 0 0 0 0 0 0 0 0 0 0 0 0 0 0 0 0 0 0 0 0 0 0 0 0 0 0 0 0 0 0 0 0 0 0 0 0 0 0 0 77 68 79 32 101 120 116 114 97 32 100 97 116 97 32 108 111 99 107 0 0 0 0 0 0 0 0 0 0 0 0 0 0 0 0 0 0 0 0 0 0 0 0 0 0 0 0 0 0 0 0 0 0 0 0 0 0 0 0 0 0 0 0 0 0 0 0 0 0 0 0 0 0 0 0 0 0 0 0 0 0 0 0 0 0 0 0 0 0 0 0 0 0 0 0 0 0 0 0 0 0 0 0 0 0 0 0 0 0 0 0 0 0 0 0 0 0 0 0 0 0 0 0 0 0 0 0 0 0 0 0 0 0 0 0 0 13 1 0 0 41 207 1 0 1 0 0 0 0 0 0 0 0 0 0 0 2 0 0 0 0 0 3 0 2 0 0 0 48 0 0 0 255 255 255 255 2 0 5 0 0 0 0 0 data 6 0x50002 0x39e5 0xa0002 0x39e5 0x140002 0x39e5 oops 0
ciMethodData com/android/dx/rop/cst/StdConstantPool get (I)Lcom/android/dx/rop/cst/Constant; 2 6602 orig 264 56 173 178 118 0 0 0 0 136 110 121 20 0 0 0 0 144 1 0 0 32 0 0 0 0 0 0 0 0 0 0 0 0 0 0 0 0 0 0 0 0 0 0 0 0 0 0 0 0 0 0 0 0 0 0 0 0 0 0 0 0 0 0 0 0 0 0 0 0 0 0 0 0 0 0 0 0 0 0 0 77 68 79 32 101 120 116 114 97 32 100 97 116 97 32 108 111 99 107 0 0 0 0 0 0 0 0 0 0 0 0 0 0 0 0 0 0 0 0 0 0 0 0 0 0 0 0 0 0 0 0 0 0 0 0 0 0 0 0 0 0 0 0 0 0 0 0 0 0 0 0 0 0 0 0 0 0 0 0 0 0 0 0 0 0 0 0 0 0 0 0 0 0 0 0 0 0 0 0 0 0 0 0 0 0 0 0 0 0 0 0 0 0 0 0 0 0 0 0 0 0 0 0 0 0 0 0 0 0 0 0 0 0 0 0 0 4 1 0 0 49 198 0 0 1 0 0 0 0 0 0 0 0 0 0 0 2 0 0 0 0 0 7 0 2 0 0 0 64 0 0 0 255 255 255 255 7 0 8 0 0 0 0 0 data 8 0x80007 0x18c6 0x30 0x0 0xc0002 0x0 0x140002 0x0 oops 0
ciMethod com/android/dx/cf/code/ConcreteMethod getCatches ()Lcom/android/dx/cf/code/ByteCatchList; 4097 1 3071 0 -1
ciMethodData com/android/dx/util/ByteArray getByte0 (I)I 2 1884 orig 264 56 173 178 118 0 0 0 0 72 149 120 20 0 0 0 0 40 1 0 0 0 0 0 0 0 0 0 0 0 0 0 0 0 0 0 0 0 0 0 0 0 0 0 0 0 0 0 0 0 0 0 0 0 0 0 0 0 0 0 0 0 0 0 0 0 0 0 0 0 0 0 0 0 0 0 0 0 0 0 0 77 68 79 32 101 120 116 114 97 32 100 97 116 97 32 108 111 99 107 0 0 0 0 0 0 0 0 0 0 0 0 0 0 0 0 0 0 0 0 0 0 0 0 0 0 0 0 0 0 0 0 0 0 0 0 0 0 0 0 0 0 0 0 0 0 0 0 0 0 0 0 0 0 0 0 0 0 0 0 0 0 0 0 0 0 0 0 0 0 0 0 0 0 0 0 0 0 0 0 0 0 0 0 0 0 0 0 0 0 0 0 0 0 0 0 0 0 0 0 0 0 0 0 0 0 0 0 0 0 0 0 0 0 0 0 0 4 1 0 0 193 50 0 0 1 0 0 0 0 0 0 0 0 0 0 0 2 0 0 0 0 0 3 0 1 0 0 0 0 0 0 0 255 255 255 255 0 0 0 0 0 0 0 0 data 0 oops 0
ciMethod com/android/dx/cf/code/Machine clearArgs ()V 0 0 1 0 -1
ciMethod com/android/dx/cf/code/Machine popArgs (Lcom/android/dx/cf/code/Frame;I)V 0 0 1 0 -1
ciMethod com/android/dx/cf/code/Machine popArgs (Lcom/android/dx/cf/code/Frame;Lcom/android/dx/rop/type/Prototype;)V 0 0 1 0 -1
ciMethod com/android/dx/cf/code/Machine popArgs (Lcom/android/dx/cf/code/Frame;Lcom/android/dx/rop/type/Type;)V 0 0 1 0 -1
ciMethod com/android/dx/cf/code/Machine popArgs (Lcom/android/dx/cf/code/Frame;Lcom/android/dx/rop/type/Type;Lcom/android/dx/rop/type/Type;)V 0 0 1 0 -1
ciMethod com/android/dx/cf/code/Machine popArgs (Lcom/android/dx/cf/code/Frame;Lcom/android/dx/rop/type/Type;Lcom/android/dx/rop/type/Type;Lcom/android/dx/rop/type/Type;)V 0 0 1 0 -1
ciMethod com/android/dx/cf/code/Machine localArg (Lcom/android/dx/cf/code/Frame;I)V 0 0 1 0 -1
ciMethod com/android/dx/cf/code/Machine localInfo (Z)V 0 0 1 0 -1
ciMethod com/android/dx/cf/code/Machine auxType (Lcom/android/dx/rop/type/Type;)V 0 0 1 0 -1
ciMethod com/android/dx/cf/code/Machine auxIntArg (I)V 0 0 1 0 -1
ciMethod com/android/dx/cf/code/Machine auxCstArg (Lcom/android/dx/rop/cst/Constant;)V 0 0 1 0 -1
ciMethod com/android/dx/cf/code/Machine auxTargetArg (I)V 0 0 1 0 -1
ciMethod com/android/dx/cf/code/Machine localTarget (ILcom/android/dx/rop/type/Type;Lcom/android/dx/rop/code/LocalItem;)V 0 0 1 0 -1
ciMethod com/android/dx/cf/code/Machine run (Lcom/android/dx/cf/code/Frame;II)V 0 0 1 0 -1
ciMethod com/android/dx/cf/code/BasicBlocker visitNoArgs (IIILcom/android/dx/rop/type/Type;)V 3897 1 370 0 0
ciMethod com/android/dx/cf/code/BasicBlocker visitLocal (IIIILcom/android/dx/rop/type/Type;I)V 4097 1 959 0 0
ciMethod com/android/dx/cf/code/BasicBlocker visitConstant (IIILcom/android/dx/rop/cst/Constant;I)V 4097 1 1312 0 0
ciMethod com/android/dx/cf/code/BasicBlocker visitBranch (IIII)V 2129 1 201 0 0
ciMethod com/android/dx/cf/code/BasicBlocker addWorkIfNecessary (IZ)V 3985 1 4084 0 0
ciMethod com/android/dx/cf/code/BasicBlocker visitCommon (IIZ)V 4097 1 2828 0 0
ciMethod com/android/dx/cf/code/BasicBlocker visitThrowing (IIZ)V 4097 1 1200 0 0
ciMethod com/android/dx/util/Bits get ([II)Z 3273 1 11483 0 0
ciMethod com/android/dx/util/Bits set ([II)V 3105 1 9821 0 128
ciMethod com/android/dx/util/IntList makeImmutable (I)Lcom/android/dx/util/IntList; 4097 1 2399 0 -1
ciMethod com/android/dx/util/IntList makeImmutable (II)Lcom/android/dx/util/IntList; 1537 1 143 0 -1
ciMethod com/android/dx/cf/code/ByteOps opInfo (I)I 4097 1 5631 0 0
ciMethod com/android/dx/cf/code/BaseMachine throwLocalMismatch (Lcom/android/dx/rop/type/TypeBearer;Lcom/android/dx/rop/type/TypeBearer;)V 0 0 1 0 -1
ciMethod com/android/dx/cf/code/Simulator access$100 ()Lcom/android/dx/cf/code/SimException; 0 0 1 0 -1
ciMethod com/android/dx/cf/code/Simulator access$200 (Lcom/android/dx/rop/type/Type;Lcom/android/dx/rop/type/Type;)Lcom/android/dx/rop/type/Type; 9 1 1 0 -1
ciMethod com/android/dx/cf/code/Simulator access$300 (Lcom/android/dx/cf/code/Simulator;)Lcom/android/dx/cf/code/LocalVariableList; 1161 1 145 0 -1
ciMethod com/android/dx/cf/code/Simulator$SimVisitor visitInvalid (III)V 0 0 1 0 -1
ciMethod com/android/dx/cf/code/Simulator$SimVisitor visitNoArgs (IIILcom/android/dx/rop/type/Type;)V 3081 1 366 0 0
ciMethod com/android/dx/cf/code/Simulator$SimVisitor checkReturnType (Lcom/android/dx/rop/type/Type;)V 1601 1 192 0 -1
ciMethod com/android/dx/cf/code/Simulator$SimVisitor visitLocal (IIIILcom/android/dx/rop/type/Type;I)V 4097 1 956 0 0
ciMethod com/android/dx/cf/code/Simulator$SimVisitor visitConstant (IIILcom/android/dx/rop/cst/Constant;I)V 4097 1 1305 0 0
ciMethod com/android/dx/cf/code/Simulator$SimVisitor visitBranch (IIII)V 2129 1 201 0 -1
ciMethod com/android/dx/cf/code/Frame getStack ()Lcom/android/dx/cf/code/ExecutionStack; 1113 1 139 0 -1
ciMethod com/android/dx/cf/code/ExecutionStack peekLocal (I)Z 0 0 1 0 -1
ciMethod com/android/dx/cf/code/ExecutionStack peekType (I)Lcom/android/dx/rop/type/Type; 1489 1 176 0 -1
ciMethodData com/android/dx/util/Bits set ([II)V 2 9821 orig 264 56 173 178 118 0 0 0 0 48 50 128 20 0 0 0 0 40 1 0 0 0 0 0 0 0 0 0 0 0 0 0 0 0 0 0 0 0 0 0 0 0 0 0 0 0 0 0 0 0 0 0 0 0 0 0 0 0 0 0 0 0 0 0 0 0 0 0 0 0 0 0 0 0 0 0 0 0 0 0 0 77 68 79 32 101 120 116 114 97 32 100 97 116 97 32 108 111 99 107 0 0 0 0 0 0 0 0 0 0 0 0 0 0 0 0 0 0 0 0 0 0 0 0 0 0 0 0 0 0 0 0 0 0 0 0 0 0 0 0 0 0 0 0 0 0 0 0 0 0 0 0 0 0 0 0 0 0 0 0 0 0 0 0 0 0 0 0 0 0 0 0 0 0 0 0 0 0 0 0 0 0 0 0 0 0 0 0 0 0 0 0 0 0 0 0 0 0 0 0 0 0 0 0 0 0 0 0 0 0 0 0 0 0 0 0 0 132 1 0 0 201 38 1 0 1 0 0 0 0 0 0 0 0 0 0 0 2 0 0 0 0 0 3 0 1 0 0 0 0 0 0 0 255 255 255 255 0 0 0 0 0 0 0 0 data 0 oops 0
ciMethodData com/android/dx/util/Bits get ([II)Z 2 11483 orig 264 56 173 178 118 0 0 0 0 48 48 128 20 0 0 0 0 96 1 0 0 0 0 0 0 0 0 0 0 0 0 0 0 0 0 0 0 0 0 0 0 0 0 0 0 0 0 0 0 0 0 0 0 0 0 0 0 0 0 0 0 0 0 0 0 0 0 0 0 0 0 0 0 0 0 0 0 0 0 0 0 77 68 79 32 101 120 116 114 97 32 100 97 116 97 32 108 111 99 107 0 0 0 0 0 0 0 0 0 0 0 0 0 0 0 0 0 0 0 0 0 0 0 0 0 0 0 0 0 0 0 0 0 0 0 0 0 0 0 0 0 0 0 0 0 0 0 0 0 0 0 0 0 0 0 0 0 0 0 0 0 0 0 0 0 0 0 0 0 0 0 0 0 0 0 0 0 0 0 0 0 0 0 0 0 0 0 0 0 0 0 0 0 0 0 0 0 0 0 0 0 0 0 0 0 0 0 0 0 0 0 0 0 0 0 0 0 153 1 0 0 17 90 1 0 1 0 0 0 0 0 0 0 0 0 0 0 2 0 0 0 0 0 6 0 2 0 0 0 56 0 0 0 255 255 255 255 7 0 16 0 0 0 0 0 data 7 0x100007 0x1aa3 0x38 0x10a0 0x140003 0x10a0 0x18 oops 0
ciMethodData com/android/dx/cf/code/BytecodeArray parseInstruction (ILcom/android/dx/cf/code/BytecodeArray$Visitor;)I 2 5632 orig 264 56 173 178 118 0 0 0 0 32 241 122 20 0 0 0 0 0 40 0 0 224 35 0 0 0 0 0 0 0 0 0 0 0 0 0 0 0 0 0 0 0 0 0 0 0 0 0 0 0 0 0 0 0 0 0 0 0 0 0 0 0 0 0 0 0 0 0 0 0 0 0 0 0 0 0 0 0 0 0 0 77 68 79 32 101 120 116 114 97 32 100 97 116 97 32 108 111 99 107 0 0 0 0 0 0 0 0 0 0 0 0 0 0 0 0 0 0 0 0 0 0 0 0 0 0 0 0 0 0 0 0 0 0 0 0 0 0 0 0 0 0 0 0 0 0 0 0 0 0 0 0 0 0 0 0 0 0 0 0 0 0 0 0 0 0 0 0 0 0 0 0 0 0 0 0 0 0 0 0 0 0 0 0 0 0 0 0 0 0 0 0 0 0 0 0 0 0 0 0 0 0 0 0 0 0 0 0 0 0 0 0 0 0 0 0 0 0 2 0 0 1 160 0 0 1 0 0 0 0 0 0 0 0 0 0 0 2 0 0 0 0 0 239 0 2 0 0 0 40 38 0 0 255 255 255 255 7 0 1 0 0 0 0 0 data 1221 0x10007 0x13ff 0x20 0x0 0xd0005 0xac 0x17720cb0 0x1353 0x0 0x0 0x120002 0x13ff 0x1f0008 0x196 0x0 0x23c8 0x0 0xcc0 0x0 0xcf0 0x0 0xd20 0x0 0xd50 0x2 0xd80 0x0 0xdb0 0x0 0xde0 0x0 0xe10 0x0 0xe40 0x0 0xe70 0x0 0xea0 0x0 0xed0 0x0 0xf00 0x0 0xf30 0x0 0xf60 0x0 0xf90 0x0 0xfc0 0x0 0x1030 0x16 0x10a0 0x0 0x11f8 0x0 0x1350 0x0 0x13e0 0x0 0x1440 0x0 0x14a0 0x0 0x1500 0x0 0x1560 0x0 0x15c0 0x0 0x15c0 0x0 0x15c0 0x0 0x15c0 0x0 0x15f0 0x0 0x15f0 0x0 0x15f0 0x0 0x15f0 0x0 0x1620 0x0 0x1620 0x0 0x1620 0x0 0x1620 0x0 0x1650 0x0 0x1650 0x0 0x1650 0x0 0x1650 0xf 0x1680 0x8 0x1680 0xe 0x1680 0x0 0x1680 0x0 0x16b0 0x0 0x16e0 0x0 0x1710 0x0 0x1740 0x0 0x1770 0x0 0x17a0 0x0 0x17d0 0x0 0x1800 0x0 0x1830 0x0 0x1890 0x0 0x18f0 0x0 0x1950 0x0 0x19b0 0x0 0x1a10 0x0 0x1a10 0x0 0x1a10 0x0 0x1a10 0x0 0x1a40 0x0 0x1a40 0x0 0x1a40 0x0 0x1a40 0x0 0x1a70 0x0 0x1a70 0x0 0x1a70 0x0 0x1a70 0x0 0x1aa0 0x0 0x1aa0 0x0 0x1aa0 0x0 0x1aa0 0x0 0x1ad0 0x0 0x1ad0 0x2 0x1ad0 0x0 0x1ad0 0x0 0x1b00 0x0 0x1b30 0x0 0x1b60 0x0 0x1b90 0x0 0x1bc0 0x0 0x1bf0 0x0 0x1c20 0x0 0x1c50 0x2 0x1c80 0x0 0x1c80 0x2 0x1c80 0x0 0x1c80 0x0 0x1c80 0x0 0x1c80 0x0 0x1c80 0x0 0x1c80 0x0 0x1c80 0x0 0x1cb0 0x0 0x1ce0 0x0 0x1d10 0x0 0x1d40 0x0 0x1cb0 0x0 0x1ce0 0x0 0x1d10 0x0 0x1d40 0x0 0x1cb0 0x0 0x1ce0 0x0 0x1d10 0x0 0x1d40 0x0 0x1cb0 0x0 0x1ce0 0x0 0x1d10 0x0 0x1d40 0x0 0x1cb0 0x0 0x1ce0 0x0 0x1d10 0x0 0x1d40 0x0 0x1cb0 0x0 0x1ce0 0x0 0x1d10 0x0 0x1d40 0x0 0x1cb0 0x0 0x1ce0 0x0 0x1cb0 0x0 0x1ce0 0x0 0x1cb0 0x0 0x1ce0 0x0 0x1cb0 0x0 0x1ce0 0x0 0x1cb0 0x0 0x1ce0 0x0 0x1cb0 0x0 0x1ce0 0x0 0x1d70 0x0 0x1e00 0x0 0x1e30 0x0 0x1e60 0x0 0x1e90 0x0 0x1e30 0x0 0x1e60 0x0 0x1e90 0x0 0x1e00 0x0 0x1e60 0x0 0x1e90 0x0 0x1e00 0x0 0x1e30 0x0 0x1e90 0x0 0x1e90 0x0 0x1e90 0x0 0x1e90 0x0 0x1e90 0x0 0x1e90 0x0 0x1e90 0x0 0x1e90 0x0 0x1ec0 0x0 0x1ec0 0x0 0x1ec0 0x0 0x1ec0 0x0 0x1ec0 0x0 0x1ec0 0x0 0x1ec0 0x0 0x1ec0 0x0 0x1ec0 0x0 0x1ec0 0x0 0x1ec0 0x0 0x1ec0 0x0 0x1ec0 0x0 0x1ec0 0x6 0x1ec0 0x0 0x1ec0 0x0 0x1f20 0x2 0x1f80 0x0 0x1f90 0x0 0x1fa0 0x0 0x1fd0 0x0 0x2000 0x0 0x2030 0x0 0x2060 0x3 0x2090 0x0 0x20c0 0x0 0x20c0 0x13 0x20c0 0x0 0x20c0 0x2e 0x20c0 0x2 0x20c0 0x2 0x20c0 0x6 0x2150 0x0 0x2240 0x2 0x20c0 0x0 0x2250 0x0 0x20c0 0x0 0x1e90 0x0 0x2090 0xe 0x20c0 0x0 0x20c0 0x0 0x2090 0x0 0x2090 0x0 0x2260 0x0 0x2270 0x2 0x1ec0 0x1 0x1ec0 0x0 0x2330 0x0 0x2330 0x35b0005 0x0 0x0 0x0 0x0 0x0 0x36b0005 0x0 0x17720d60 0x22 0x17720e10 0x22 0x37b0005 0x0 0x17720d60 0x1c 0x17720e10 0x1c 0x38b0005 0x0 0x17720d60 0x14 0x17720e10 0x14 0x39b0005 0x0 0x17720d60 0x18 0x17720e10 0x18 0x3ab0005 0x0 0x17720d60 0x4 0x17720e10 0x4 0x3bb0005 0x0 0x17720d60 0x3 0x17720e10 0x3 0x3cb0005 0x0 0x17720d60 0x1 0x17720e10 0x1 0x3db0005 0x0 0x17720d60 0x1 0x17720e10 0x1 0x3eb0005 0x0 0x0 0x0 0x0 0x0 0x3fb0005 0x0 0x0 0x0 0x0 0x0 0x40b0005 0x0 0x0 0x0 0x0 0x0 0x41b0005 0x0 0x0 0x0 0x0 0x0 0x42b0005 0x0 0x0 0x0 0x0 0x0 0x43b0005 0x0 0x0 0x0 0x0 0x0 0x44b0005 0x0 0x0 0x0 0x0 0x0 0x4590005 0x0 0x17720cb0 0x16 0x0 0x0 0x4650002 0x16 0x46a0005 0x0 0x17720d60 0xb 0x17720e10 0xb 0x4780005 0x0 0x0 0x0 0x0 0x0 0x4840002 0x0 0x4890005 0x0 0x0 0x0 0x0 0x0 0x4970005 0x16 0x17720cb0 0xc8 0x0 0x0 0x4a20005 0x0 0x17720ec0 0xde 0x0 0x0 0x4ab0004 0xffffffffffffff26 0x17720f70 0x2 0x17721020 0x14 0x4ae0007 0xda 0x98 0x4 0x4b30004 0x0 0x177210d0 0x4 0x0 0x0 0x4b60005 0x0 0x177210d0 0x4 0x0 0x0 0x4b90003 0x4 0x18 0x4c80005 0x0 0x17720d60 0x70 0x17720e10 0x6e 0x4d60005 0x0 0x0 0x0 0x0 0x0 0x4e10005 0x0 0x0 0x0 0x0 0x0 0x4ea0004 0x0 0x0 0x0 0x0 0x0 0x4ed0007 0x0 0x98 0x0 0x4f20004 0x0 0x0 0x0 0x0 0x0 0x4f50005 0x0 0x0 0x0 0x0 0x0 0x4f80003 0x0 0x18 0x5070005 0x0 0x0 0x0 0x0 0x0 0x5150005 0x0 0x0 0x0 0x0 0x0 0x5200005 0x0 0x0 0x0 0x0 0x0 0x52f0005 0x0 0x0 0x0 0x0 0x0 0x53d0005 0x0 0x17720cb0 0x46 0x0 0x0 0x54d0005 0x0 0x17720d60 0x23 0x17720e10 0x23 0x55b0005 0x0 0x0 0x0 0x0 0x0 0x56b0005 0x0 0x0 0x0 0x0 0x0 0x5790005 0x0 0x0 0x0 0x0 0x0 0x5890005 0x0 0x0 0x0 0x0 0x0 0x5970005 0x0 0x0 0x0 0x0 0x0 0x5a70005 0x0 0x0 0x0 0x0 0x0 0x5b50005 0x0 0x17720cb0 0x80 0x0 0x0 0x5c50005 0x0 0x17720d60 0x40 0x17720e10 0x40 0x5dd0005 0x0 0x17720d60 0x18 0x17720e10 0x18 0x5f50005 0x0 0x0 0x0 0x0 0x0 0x60d0005 0x0 0x0 0x0 0x0 0x0 0x6250005 0x0 0x0 0x0 0x0 0x0 0x63d0005 0x0 0x17720d60 0x27b 0x17720e10 0x27f 0x64c0005 0x0 0x0 0x0 0x0 0x0 0x65b0005 0x0 0x0 0x0 0x0 0x0 0x66a0005 0x0 0x0 0x0 0x0 0x0 0x6790005 0x0 0x0 0x0 0x0 0x0 0x6880005 0x0 0x0 0x0 0x0 0x0 0x6970005 0x0 0x0 0x0 0x0 0x0 0x6a60005 0x0 0x0 0x0 0x0 0x0 0x6b50005 0x0 0x0 0x0 0x0 0x0 0x6c30005 0x0 0x17720cb0 0x22 0x0 0x0 0x6d30005 0x0 0x17720d60 0x11 0x17720e10 0x11 0x6e10005 0x0 0x0 0x0 0x0 0x0 0x6f10005 0x0 0x0 0x0 0x0 0x0 0x6ff0005 0x0 0x0 0x0 0x0 0x0 0x70f0005 0x0 0x0 0x0 0x0 0x0 0x71d0005 0x0 0x0 0x0 0x0 0x0 0x72d0005 0x0 0x0 0x0 0x0 0x0 0x73b0005 0x0 0x17720cb0 0x3e 0x0 0x0 0x74b0005 0x0 0x17720d60 0x1f 0x17720e10 0x1f 0x7630005 0x0 0x17720d60 0x8 0x17720e10 0x8 0x77b0005 0x0 0x0 0x0 0x0 0x0 0x7930005 0x0 0x0 0x0 0x0 0x0 0x7ab0005 0x0 0x0 0x0 0x0 0x0 0x7c30005 0x0 0x17720d60 0x19 0x17720e10 0x19 0x7d20005 0x0 0x0 0x0 0x0 0x0 0x7e10005 0x0 0x0 0x0 0x0 0x0 0x7f00005 0x0 0x0 0x0 0x0 0x0 0x7ff0005 0x0 0x0 0x0 0x0 0x0 0x80e0005 0x0 0x0 0x0 0x0 0x0 0x81d0005 0x0 0x0 0x0 0x0 0x0 0x82c0005 0x0 0x0 0x0 0x0 0x0 0x83b0005 0x0 0x0 0x0 0x0 0x0 0x8490005 0x0 0x17720d60 0x83 0x17720e10 0x80 0x8570005 0x0 0x17720d60 0xc 0x17720e10 0xc 0x8670005 0x0 0x0 0x0 0x0 0x0 0x8770005 0x0 0x0 0x0 0x0 0x0 0x8870005 0x0 0x0 0x0 0x0 0x0 0x8950005 0x0 0x17720cb0 0xa 0x0 0x0 0x8a10005 0x0 0x17720cb0 0xa 0x0 0x0 0x8b10005 0x0 0x17720d60 0x5 0x17720e10 0x5 0x8bf0005 0x0 0x0 0x0 0x0 0x0 0x8cd0005 0x0 0x0 0x0 0x0 0x0 0x8db0005 0x0 0x0 0x0 0x0 0x0 0x8e90005 0x0 0x0 0x0 0x0 0x0 0x8f80005 0x9 0x17720cb0 0x166 0x0 0x0 0x9040005 0x0 0x17720d60 0xb6 0x17720e10 0xb9 0x9120005 0x0 0x0 0x0 0x0 0x0 0x9210005 0x0 0x0 0x0 0x0 0x0 0x92b0002 0x2 0x9320002 0x0 0x93f0005 0x0 0x17720d60 0x12 0x17720e10 0x12 0x94f0005 0x0 0x0 0x0 0x0 0x0 0x95f0005 0x0 0x0 0x0 0x0 0x0 0x96f0005 0x0 0x0 0x0 0x0 0x0 0x97f0005 0x0 0x17720d60 0x23 0x17720e10 0x23 0x98d0005 0x0 0x17720d60 0x88 0x17720e10 0x86 0x99b0005 0x55 0x17720cb0 0x6b6 0x0 0x0 0x9a60005 0x0 0x17720ec0 0x70b 0x0 0x0 0x9b40005 0x0 0x17720d60 0x385 0x17720e10 0x386 0x9c20005 0x6 0x17720cb0 0x75 0x0 0x0 0x9ce0005 0x6 0x17720cb0 0x75 0x0 0x0 0x9da0005 0x6 0x17720cb0 0x75 0x0 0x0 0x9e50005 0x0 0x17720ec0 0x7b 0x0 0x0 0x9fa0005 0x0 0x17720d60 0x3e 0x17720e10 0x3d 0xa070002 0x0 0xa0e0002 0x0 0xa150002 0x0 0xa200005 0x0 0x0 0x0 0x0 0x0 0xa2c0005 0x0 0x0 0x0 0x0 0x0 0xa370005 0x0 0x0 0x0 0x0 0x0 0xa460005 0x0 0x0 0x0 0x0 0x0 0xa550005 0x0 0x0 0x0 0x0 0x0 0xa5f0007 0x0 0x38 0x0 0xa650003 0x0 0x18 0xa740005 0x0 0x0 0x0 0x0 0x0 0xa7f0005 0x0 0x0 0x0 0x0 0x0 0xa8c0002 0x0 0xa910005 0x0 0x0 0x0 0x0 0x0 0xa950002 0x0 0xa980005 0x0 0x0 0x0 0x0 0x0 0xa9b0005 0x0 0x0 0x0 0x0 0x0 0xa9e0005 0x0 0x0 0x0 0x0 0x0 0xaa90002 0x0 0xab40002 0x0 0xab90005 0x0 0x0 0x0 0x0 0x0 0xabd0002 0x0 0xac00005 0x0 0x0 0x0 0x0 0x0 0xac30005 0x0 0x0 0x0 0x0 0x0 0xac60005 0x0 0x0 0x0 0x0 0x0 oops 75